  [1m[36m (54.3ms)[0m  [1mCREATE TABLE "schema_migrations" ("version" varchar(255) NOT NULL) [0m
  [1m[35m (59.4ms)[0m  CREATE UNIQUE INDEX "unique_schema_migrations" ON "schema_migrations" ("version")
  [1m[36mActiveRecord::SchemaMigration Load (0.3ms)[0m  [1mSELECT "schema_migrations".* FROM "schema_migrations"[0m
Migrating to CreateUsers (20140328001248)
  [1m[35m (0.1ms)[0m  begin transaction
  [1m[36m (10.5ms)[0m  [1mCREATE TABLE "users" ("id" INTEGER PRIMARY KEY AUTOINCREMENT NOT NULL, "name" varchar(255), "email" varchar(255), "created_at" datetime, "updated_at" datetime) [0m
  [1m[35mSQL (15.0ms)[0m  INSERT INTO "schema_migrations" ("version") VALUES (?)  [["version", "20140328001248"]]
  [1m[36m (87.0ms)[0m  [1mcommit transaction[0m
  [1m[35mActiveRecord::SchemaMigration Load (0.1ms)[0m  SELECT "schema_migrations".* FROM "schema_migrations"


Started GET "/" for 127.11.112.129 at 2014-03-27 20:16:27 -0400
  [1m[36mActiveRecord::SchemaMigration Load (0.3ms)[0m  [1mSELECT "schema_migrations".* FROM "schema_migrations"[0m
Processing by Rails::WelcomeController#index as HTML
  Rendered /var/lib/stickshift/5332e7865004460ac2000076/app-root/data/lib/ruby/gems/gems/railties-4.0.2/lib/rails/templates/rails/welcome/index.html.erb (24.2ms)
Completed 200 OK in 196ms (Views: 194.1ms | ActiveRecord: 0.0ms)


Started GET "/" for 127.11.112.129 at 2014-03-27 20:17:25 -0400
Processing by Rails::WelcomeController#index as HTML
  Rendered /var/lib/stickshift/5332e7865004460ac2000076/app-root/data/lib/ruby/gems/gems/railties-4.0.2/lib/rails/templates/rails/welcome/index.html.erb (0.1ms)
Completed 200 OK in 5ms (Views: 3.9ms | ActiveRecord: 0.0ms)


Started GET "/rails/info/properties" for 127.11.112.129 at 2014-03-27 20:17:28 -0400
Processing by Rails::InfoController#properties as */*
  [1m[35mActiveRecord::SchemaMigration Load (0.1ms)[0m  SELECT "schema_migrations".* FROM "schema_migrations"
  Rendered /var/lib/stickshift/5332e7865004460ac2000076/app-root/data/lib/ruby/gems/gems/railties-4.0.2/lib/rails/templates/rails/info/properties.html.erb (0.7ms)
Completed 200 OK in 194ms (Views: 66.4ms | ActiveRecord: 0.5ms)


Started GET "/" for 127.11.112.129 at 2014-03-27 20:18:39 -0400
  [1m[36mActiveRecord::SchemaMigration Load (0.3ms)[0m  [1mSELECT "schema_migrations".* FROM "schema_migrations"[0m
Processing by Rails::WelcomeController#index as HTML
  Rendered /var/lib/stickshift/5332e7865004460ac2000076/app-root/data/lib/ruby/gems/gems/railties-4.0.2/lib/rails/templates/rails/welcome/index.html.erb (15.9ms)
Completed 200 OK in 223ms (Views: 219.6ms | ActiveRecord: 0.0ms)


Started GET "/users" for 127.11.112.129 at 2014-03-27 20:18:50 -0400
Processing by UsersController#index as HTML
  [1m[35mUser Load (0.3ms)[0m  SELECT "users".* FROM "users"
  Rendered users/index.html.erb within layouts/application (33.4ms)
Completed 200 OK in 4054ms (Views: 4050.4ms | ActiveRecord: 0.3ms)


Started GET "/assets/scaffolds.css?body=1" for 127.11.112.129 at 2014-03-27 20:18:55 -0400


Started GET "/assets/application.css?body=1" for 127.11.112.129 at 2014-03-27 20:18:55 -0400


Started GET "/assets/users.css?body=1" for 127.11.112.129 at 2014-03-27 20:18:55 -0400


Started GET "/assets/jquery.js?body=1" for 127.11.112.129 at 2014-03-27 20:18:55 -0400


Started GET "/assets/jquery_ujs.js?body=1" for 127.11.112.129 at 2014-03-27 20:18:55 -0400


Started GET "/assets/turbolinks.js?body=1" for 127.11.112.129 at 2014-03-27 20:18:55 -0400


Started GET "/assets/application.js?body=1" for 127.11.112.129 at 2014-03-27 20:18:55 -0400


Started GET "/assets/users.js?body=1" for 127.11.112.129 at 2014-03-27 20:18:55 -0400


Started GET "/users/new" for 127.11.112.129 at 2014-03-27 20:19:06 -0400
Processing by UsersController#new as HTML
  Rendered users/_form.html.erb (267.5ms)
  Rendered users/new.html.erb within layouts/application (334.6ms)
Completed 200 OK in 380ms (Views: 372.2ms | ActiveRecord: 0.6ms)


Started POST "/users" for 127.11.112.129 at 2014-03-27 20:19:24 -0400
Processing by UsersController#create as HTML
  Parameters: {"utf8"=>"✓", "authenticity_token"=>"l5MSCH9e5cen/oErNfRd436FEXBYCXrbkmTECK2UXfA=", "user"=>{"name"=>"igadon kawai", "email"=>"igadon@kawai.com"}, "commit"=>"Create User"}
  [1m[36m (0.2ms)[0m  [1mbegin transaction[0m
  [1m[35mSQL (290.1ms)[0m  INSERT INTO "users" ("created_at", "email", "name", "updated_at") VALUES (?, ?, ?, ?)  [["created_at", Fri, 28 Mar 2014 00:19:24 UTC +00:00], ["email", "igadon@kawai.com"], ["name", "igadon kawai"], ["updated_at", Fri, 28 Mar 2014 00:19:24 UTC +00:00]]
  [1m[36m (46.7ms)[0m  [1mcommit transaction[0m
Redirected to http://project-livec964f188784d.rhcloud.com/users/1
Completed 302 Found in 431ms (ActiveRecord: 336.9ms)


Started GET "/users/1" for 127.11.112.129 at 2014-03-27 20:19:25 -0400
Processing by UsersController#show as HTML
  Parameters: {"id"=>"1"}
  [1m[35mUser Load (0.4ms)[0m  SELECT "users".* FROM "users" WHERE "users"."id" = ? LIMIT 1  [["id", "1"]]
  Rendered users/show.html.erb within layouts/application (1.6ms)
Completed 200 OK in 14ms (Views: 8.6ms | ActiveRecord: 0.4ms)


Started GET "/assets/jquery.js?body=1" for 127.11.112.129 at 2014-03-27 20:19:25 -0400


Started GET "/users/1/edit" for 127.11.112.129 at 2014-03-27 20:19:56 -0400
Processing by UsersController#edit as HTML
  Parameters: {"id"=>"1"}
  [1m[36mUser Load (0.3ms)[0m  [1mSELECT "users".* FROM "users" WHERE "users"."id" = ? LIMIT 1[0m  [["id", "1"]]
  Rendered users/_form.html.erb (37.2ms)
  Rendered users/edit.html.erb within layouts/application (62.2ms)
Completed 200 OK in 94ms (Views: 89.8ms | ActiveRecord: 0.3ms)


Started GET "/users" for 127.11.112.129 at 2014-03-27 20:20:00 -0400
Processing by UsersController#index as HTML
  [1m[35mUser Load (0.4ms)[0m  SELECT "users".* FROM "users"
  Rendered users/index.html.erb within layouts/application (25.5ms)
Completed 200 OK in 81ms (Views: 75.3ms | ActiveRecord: 0.4ms)


Started GET "/users/1" for 127.11.112.129 at 2014-03-27 20:20:08 -0400
Processing by UsersController#show as HTML
  Parameters: {"id"=>"1"}
  [1m[36mUser Load (0.3ms)[0m  [1mSELECT "users".* FROM "users" WHERE "users"."id" = ? LIMIT 1[0m  [["id", "1"]]
  Rendered users/show.html.erb within layouts/application (29.1ms)
Completed 200 OK in 532ms (Views: 430.8ms | ActiveRecord: 0.3ms)
  [1m[36mActiveRecord::SchemaMigration Load (0.3ms)[0m  [1mSELECT "schema_migrations".* FROM "schema_migrations"[0m
Migrating to CreateMicroposts (20140328013354)
  [1m[35m (0.2ms)[0m  begin transaction
  [1m[36m (80.2ms)[0m  [1mCREATE TABLE "microposts" ("id" INTEGER PRIMARY KEY AUTOINCREMENT NOT NULL, "content" varchar(255), "user_id" integer, "created_at" datetime, "updated_at" datetime) [0m
  [1m[35mSQL (5.2ms)[0m  INSERT INTO "schema_migrations" ("version") VALUES (?)  [["version", "20140328013354"]]
  [1m[36m (96.3ms)[0m  [1mcommit transaction[0m
  [1m[35mActiveRecord::SchemaMigration Load (0.6ms)[0m  SELECT "schema_migrations".* FROM "schema_migrations"
  [1m[36mActiveRecord::SchemaMigration Load (0.3ms)[0m  [1mSELECT "schema_migrations".* FROM "schema_migrations"[0m
  [1m[35mActiveRecord::SchemaMigration Load (0.1ms)[0m  SELECT "schema_migrations".* FROM "schema_migrations"


Started GET "/" for 127.11.112.129 at 2014-03-27 22:33:38 -0400
  [1m[36mActiveRecord::SchemaMigration Load (0.4ms)[0m  [1mSELECT "schema_migrations".* FROM "schema_migrations"[0m
Processing by Rails::WelcomeController#index as HTML
  Rendered /var/lib/stickshift/5332e7865004460ac2000076/app-root/data/lib/ruby/gems/gems/railties-4.0.2/lib/rails/templates/rails/welcome/index.html.erb (100.3ms)
Completed 200 OK in 543ms (Views: 542.1ms | ActiveRecord: 0.0ms)


Started GET "/microposts" for 127.11.112.129 at 2014-03-27 22:34:09 -0400
Processing by MicropostsController#index as HTML
  [1m[35mMicropost Load (0.3ms)[0m  SELECT "microposts".* FROM "microposts"
  Rendered microposts/index.html.erb within layouts/application (2.8ms)
Completed 200 OK in 1761ms (Views: 1757.3ms | ActiveRecord: 0.3ms)


Started GET "/assets/jquery.js?body=1" for 127.11.112.129 at 2014-03-27 22:34:11 -0400


Started GET "/assets/users.css?body=1" for 127.11.112.129 at 2014-03-27 22:34:11 -0400


Started GET "/assets/jquery_ujs.js?body=1" for 127.11.112.129 at 2014-03-27 22:34:11 -0400


Started GET "/assets/application.css?body=1" for 127.11.112.129 at 2014-03-27 22:34:11 -0400


Started GET "/assets/microposts.css?body=1" for 127.11.112.129 at 2014-03-27 22:34:11 -0400


Started GET "/assets/scaffolds.css?body=1" for 127.11.112.129 at 2014-03-27 22:34:11 -0400


Started GET "/assets/microposts.js?body=1" for 127.11.112.129 at 2014-03-27 22:34:12 -0400


Started GET "/assets/application.js?body=1" for 127.11.112.129 at 2014-03-27 22:34:12 -0400


Started GET "/assets/turbolinks.js?body=1" for 127.11.112.129 at 2014-03-27 22:34:12 -0400


Started GET "/assets/users.js?body=1" for 127.11.112.129 at 2014-03-27 22:34:12 -0400


Started GET "/microposts/new" for 127.11.112.129 at 2014-03-27 22:34:14 -0400
Processing by MicropostsController#new as HTML
  Rendered microposts/_form.html.erb (235.8ms)
  Rendered microposts/new.html.erb within layouts/application (368.2ms)
Completed 200 OK in 385ms (Views: 381.6ms | ActiveRecord: 0.6ms)


Started POST "/microposts" for 127.11.112.129 at 2014-03-27 22:34:35 -0400
Processing by MicropostsController#create as HTML
  Parameters: {"utf8"=>"✓", "authenticity_token"=>"l5MSCH9e5cen/oErNfRd436FEXBYCXrbkmTECK2UXfA=", "micropost"=>{"content"=>"First micropost", "user_id"=>"1"}, "commit"=>"Create Micropost"}
  [1m[36m (0.2ms)[0m  [1mbegin transaction[0m
  [1m[35mSQL (95.5ms)[0m  INSERT INTO "microposts" ("content", "created_at", "updated_at", "user_id") VALUES (?, ?, ?, ?)  [["content", "First micropost"], ["created_at", Fri, 28 Mar 2014 02:34:35 UTC +00:00], ["updated_at", Fri, 28 Mar 2014 02:34:35 UTC +00:00], ["user_id", 1]]
  [1m[36m (46.4ms)[0m  [1mcommit transaction[0m
Redirected to http://project-livec964f188784d.rhcloud.com/microposts/1
Completed 302 Found in 158ms (ActiveRecord: 142.1ms)


Started GET "/microposts/1" for 127.11.112.129 at 2014-03-27 22:34:36 -0400
Processing by MicropostsController#show as HTML
  Parameters: {"id"=>"1"}
  [1m[35mMicropost Load (0.4ms)[0m  SELECT "microposts".* FROM "microposts" WHERE "microposts"."id" = ? LIMIT 1  [["id", "1"]]
  Rendered microposts/show.html.erb within layouts/application (1.7ms)
Completed 200 OK in 15ms (Views: 10.0ms | ActiveRecord: 0.4ms)


Started GET "/assets/application.css?body=1" for 127.11.112.129 at 2014-03-27 22:34:36 -0400


Started GET "/assets/jquery_ujs.js?body=1" for 127.11.112.129 at 2014-03-27 22:34:36 -0400


Started GET "/assets/users.css?body=1" for 127.11.112.129 at 2014-03-27 22:34:36 -0400


Started GET "/assets/jquery.js?body=1" for 127.11.112.129 at 2014-03-27 22:34:36 -0400


Started GET "/assets/turbolinks.js?body=1" for 127.11.112.129 at 2014-03-27 22:34:36 -0400


Started GET "/assets/scaffolds.css?body=1" for 127.11.112.129 at 2014-03-27 22:34:36 -0400


Started GET "/assets/users.js?body=1" for 127.11.112.129 at 2014-03-27 22:34:37 -0400


Started GET "/assets/application.js?body=1" for 127.11.112.129 at 2014-03-27 22:34:37 -0400


Started GET "/microposts" for 127.11.112.129 at 2014-03-27 22:34:43 -0400
Processing by MicropostsController#index as HTML
  [1m[36mMicropost Load (0.3ms)[0m  [1mSELECT "microposts".* FROM "microposts"[0m
  Rendered microposts/index.html.erb within layouts/application (10.1ms)
Completed 200 OK in 89ms (Views: 20.0ms | ActiveRecord: 0.3ms)


Started GET "/microposts/new" for 127.11.112.129 at 2014-03-27 22:34:45 -0400
Processing by MicropostsController#new as HTML
  Rendered microposts/_form.html.erb (9.2ms)
  Rendered microposts/new.html.erb within layouts/application (11.7ms)
Completed 200 OK in 33ms (Views: 31.8ms | ActiveRecord: 0.0ms)


Started POST "/microposts" for 127.11.112.129 at 2014-03-27 22:34:55 -0400
Processing by MicropostsController#create as HTML
  Parameters: {"utf8"=>"✓", "authenticity_token"=>"l5MSCH9e5cen/oErNfRd436FEXBYCXrbkmTECK2UXfA=", "micropost"=>{"content"=>"Second micropost", "user_id"=>"1"}, "commit"=>"Create Micropost"}
  [1m[35m (0.2ms)[0m  begin transaction
  [1m[36mSQL (10.9ms)[0m  [1mINSERT INTO "microposts" ("content", "created_at", "updated_at", "user_id") VALUES (?, ?, ?, ?)[0m  [["content", "Second micropost"], ["created_at", Fri, 28 Mar 2014 02:34:56 UTC +00:00], ["updated_at", Fri, 28 Mar 2014 02:34:56 UTC +00:00], ["user_id", 1]]
  [1m[35m (71.8ms)[0m  commit transaction
Redirected to http://project-livec964f188784d.rhcloud.com/microposts/2
Completed 302 Found in 95ms (ActiveRecord: 82.8ms)


Started GET "/microposts/2" for 127.11.112.129 at 2014-03-27 22:34:56 -0400
Processing by MicropostsController#show as HTML
  Parameters: {"id"=>"2"}
  [1m[36mMicropost Load (0.2ms)[0m  [1mSELECT "microposts".* FROM "microposts" WHERE "microposts"."id" = ? LIMIT 1[0m  [["id", "2"]]
  Rendered microposts/show.html.erb within layouts/application (4.2ms)
Completed 200 OK in 21ms (Views: 19.0ms | ActiveRecord: 0.2ms)


Started GET "/assets/scaffolds.css?body=1" for 127.11.112.129 at 2014-03-27 22:34:57 -0400


Started GET "/assets/users.css?body=1" for 127.11.112.129 at 2014-03-27 22:34:57 -0400


Started GET "/assets/application.css?body=1" for 127.11.112.129 at 2014-03-27 22:34:57 -0400


Started GET "/assets/jquery.js?body=1" for 127.11.112.129 at 2014-03-27 22:34:57 -0400


Started GET "/assets/jquery_ujs.js?body=1" for 127.11.112.129 at 2014-03-27 22:34:57 -0400


Started GET "/assets/turbolinks.js?body=1" for 127.11.112.129 at 2014-03-27 22:34:57 -0400


Started GET "/assets/application.js?body=1" for 127.11.112.129 at 2014-03-27 22:34:57 -0400


Started GET "/assets/users.js?body=1" for 127.11.112.129 at 2014-03-27 22:34:57 -0400


Started GET "/microposts" for 127.11.112.129 at 2014-03-27 22:35:01 -0400
Processing by MicropostsController#index as HTML
  [1m[35mMicropost Load (0.3ms)[0m  SELECT "microposts".* FROM "microposts"
  Rendered microposts/index.html.erb within layouts/application (2.6ms)
Completed 200 OK in 12ms (Views: 11.2ms | ActiveRecord: 0.3ms)


Started GET "/microposts" for 127.11.112.129 at 2014-03-27 22:40:08 -0400
  [1m[36mActiveRecord::SchemaMigration Load (0.3ms)[0m  [1mSELECT "schema_migrations".* FROM "schema_migrations"[0m
Processing by MicropostsController#index as HTML
Completed 500 Internal Server Error in 8ms

RuntimeError (`attr_accessible` is extracted out of Rails into a gem. Please use new recommended protection model for params(strong_parameters) or add `protected_attributes` to your Gemfile to use old one.):
  app/models/micropost.rb:2:in `<class:Micropost>'
  app/models/micropost.rb:1:in `<top (required)>'
  app/controllers/microposts_controller.rb:7:in `index'


  Rendered /var/lib/stickshift/5332e7865004460ac2000076/app-root/data/lib/ruby/gems/gems/actionpack-4.0.2/lib/action_dispatch/middleware/templates/rescues/_source.erb (1.1ms)
  Rendered /var/lib/stickshift/5332e7865004460ac2000076/app-root/data/lib/ruby/gems/gems/actionpack-4.0.2/lib/action_dispatch/middleware/templates/rescues/_trace.erb (2.7ms)
  Rendered /var/lib/stickshift/5332e7865004460ac2000076/app-root/data/lib/ruby/gems/gems/actionpack-4.0.2/lib/action_dispatch/middleware/templates/rescues/_request_and_response.erb (128.5ms)
  Rendered /var/lib/stickshift/5332e7865004460ac2000076/app-root/data/lib/ruby/gems/gems/actionpack-4.0.2/lib/action_dispatch/middleware/templates/rescues/diagnostics.erb within rescues/layout (396.5ms)
  [1m[36mActiveRecord::SchemaMigration Load (0.3ms)[0m  [1mSELECT "schema_migrations".* FROM "schema_migrations"[0m
  [1m[35mActiveRecord::SchemaMigration Load (0.2ms)[0m  SELECT "schema_migrations".* FROM "schema_migrations"


Started GET "/microposts" for 127.11.112.129 at 2014-03-27 22:48:38 -0400
  [1m[36mActiveRecord::SchemaMigration Load (0.3ms)[0m  [1mSELECT "schema_migrations".* FROM "schema_migrations"[0m
Processing by MicropostsController#index as HTML
Completed 500 Internal Server Error in 3ms

RuntimeError (`attr_accessible` is extracted out of Rails into a gem. Please use new recommended protection model for params(strong_parameters) or add `protected_attributes` to your Gemfile to use old one.):
  app/models/micropost.rb:2:in `<class:Micropost>'
  app/models/micropost.rb:1:in `<top (required)>'
  app/controllers/microposts_controller.rb:7:in `index'


  Rendered /var/lib/stickshift/5332e7865004460ac2000076/app-root/data/lib/ruby/gems/gems/actionpack-4.0.2/lib/action_dispatch/middleware/templates/rescues/_source.erb (1.2ms)
  Rendered /var/lib/stickshift/5332e7865004460ac2000076/app-root/data/lib/ruby/gems/gems/actionpack-4.0.2/lib/action_dispatch/middleware/templates/rescues/_trace.erb (13.5ms)
  Rendered /var/lib/stickshift/5332e7865004460ac2000076/app-root/data/lib/ruby/gems/gems/actionpack-4.0.2/lib/action_dispatch/middleware/templates/rescues/_request_and_response.erb (29.2ms)
  Rendered /var/lib/stickshift/5332e7865004460ac2000076/app-root/data/lib/ruby/gems/gems/actionpack-4.0.2/lib/action_dispatch/middleware/templates/rescues/diagnostics.erb within rescues/layout (485.1ms)


Started GET "/users" for 127.11.112.129 at 2014-03-27 22:48:51 -0400
Processing by UsersController#index as HTML
Completed 500 Internal Server Error in 10ms

RuntimeError (`attr_accessible` is extracted out of Rails into a gem. Please use new recommended protection model for params(strong_parameters) or add `protected_attributes` to your Gemfile to use old one.):
  app/models/user.rb:2:in `<class:User>'
  app/models/user.rb:1:in `<top (required)>'
  app/controllers/users_controller.rb:7:in `index'


  Rendered /var/lib/stickshift/5332e7865004460ac2000076/app-root/data/lib/ruby/gems/gems/actionpack-4.0.2/lib/action_dispatch/middleware/templates/rescues/_source.erb (4.0ms)
  Rendered /var/lib/stickshift/5332e7865004460ac2000076/app-root/data/lib/ruby/gems/gems/actionpack-4.0.2/lib/action_dispatch/middleware/templates/rescues/_trace.erb (1.6ms)
  Rendered /var/lib/stickshift/5332e7865004460ac2000076/app-root/data/lib/ruby/gems/gems/actionpack-4.0.2/lib/action_dispatch/middleware/templates/rescues/_request_and_response.erb (4.6ms)
  Rendered /var/lib/stickshift/5332e7865004460ac2000076/app-root/data/lib/ruby/gems/gems/actionpack-4.0.2/lib/action_dispatch/middleware/templates/rescues/diagnostics.erb within rescues/layout (143.6ms)
  [1m[36mActiveRecord::SchemaMigration Load (0.3ms)[0m  [1mSELECT "schema_migrations".* FROM "schema_migrations"[0m
  [1m[35mActiveRecord::SchemaMigration Load (0.1ms)[0m  SELECT "schema_migrations".* FROM "schema_migrations"


Started GET "/" for 127.11.112.129 at 2014-03-28 00:46:21 -0400
  [1m[36mActiveRecord::SchemaMigration Load (0.3ms)[0m  [1mSELECT "schema_migrations".* FROM "schema_migrations"[0m
Processing by Rails::WelcomeController#index as HTML
  Rendered /usr/libexec/openshift/cartridges/c9-0.1/root/lib/ruby/gems/gems/railties-4.0.0/lib/rails/templates/rails/welcome/index.html.erb (64.4ms)
Completed 200 OK in 321ms (Views: 320.1ms | ActiveRecord: 0.0ms)


Started GET "/microposts" for 127.11.112.129 at 2014-03-28 00:46:35 -0400
Processing by MicropostsController#index as HTML
Completed 500 Internal Server Error in 3ms

RuntimeError (`attr_accessible` is extracted out of Rails into a gem. Please use new recommended protection model for params(strong_parameters) or add `protected_attributes` to your Gemfile to use old one.):
  app/models/micropost.rb:2:in `<class:Micropost>'
  app/models/micropost.rb:1:in `<top (required)>'
  app/controllers/microposts_controller.rb:7:in `index'


  Rendered /usr/libexec/openshift/cartridges/c9-0.1/root/lib/ruby/gems/gems/actionpack-4.0.0/lib/action_dispatch/middleware/templates/rescues/_source.erb (36.1ms)
  Rendered /usr/libexec/openshift/cartridges/c9-0.1/root/lib/ruby/gems/gems/actionpack-4.0.0/lib/action_dispatch/middleware/templates/rescues/_trace.erb (1.7ms)
  Rendered /usr/libexec/openshift/cartridges/c9-0.1/root/lib/ruby/gems/gems/actionpack-4.0.0/lib/action_dispatch/middleware/templates/rescues/_request_and_response.erb (254.2ms)
  Rendered /usr/libexec/openshift/cartridges/c9-0.1/root/lib/ruby/gems/gems/actionpack-4.0.0/lib/action_dispatch/middleware/templates/rescues/diagnostics.erb within rescues/layout (386.1ms)


Started GET "/users" for 127.11.112.129 at 2014-03-28 00:46:54 -0400
Processing by UsersController#index as HTML
Completed 500 Internal Server Error in 7ms

RuntimeError (`attr_accessible` is extracted out of Rails into a gem. Please use new recommended protection model for params(strong_parameters) or add `protected_attributes` to your Gemfile to use old one.):
  app/models/user.rb:2:in `<class:User>'
  app/models/user.rb:1:in `<top (required)>'
  app/controllers/users_controller.rb:7:in `index'


  Rendered /usr/libexec/openshift/cartridges/c9-0.1/root/lib/ruby/gems/gems/actionpack-4.0.0/lib/action_dispatch/middleware/templates/rescues/_source.erb (8.0ms)
  Rendered /usr/libexec/openshift/cartridges/c9-0.1/root/lib/ruby/gems/gems/actionpack-4.0.0/lib/action_dispatch/middleware/templates/rescues/_trace.erb (1.8ms)
  Rendered /usr/libexec/openshift/cartridges/c9-0.1/root/lib/ruby/gems/gems/actionpack-4.0.0/lib/action_dispatch/middleware/templates/rescues/_request_and_response.erb (1.5ms)
  Rendered /usr/libexec/openshift/cartridges/c9-0.1/root/lib/ruby/gems/gems/actionpack-4.0.0/lib/action_dispatch/middleware/templates/rescues/diagnostics.erb within rescues/layout (104.7ms)


Started GET "/users" for 127.11.112.129 at 2014-03-28 00:51:04 -0400
  [1m[36mActiveRecord::SchemaMigration Load (0.4ms)[0m  [1mSELECT "schema_migrations".* FROM "schema_migrations"[0m
Processing by UsersController#index as HTML
Completed 500 Internal Server Error in 9ms

RuntimeError (`attr_accessible` is extracted out of Rails into a gem. Please use new recommended protection model for params(strong_parameters) or add `protected_attributes` to your Gemfile to use old one.):
  app/models/user.rb:2:in `<class:User>'
  app/models/user.rb:1:in `<top (required)>'
  app/controllers/users_controller.rb:7:in `index'


  Rendered /usr/libexec/openshift/cartridges/c9-0.1/root/lib/ruby/gems/gems/actionpack-4.0.0/lib/action_dispatch/middleware/templates/rescues/_source.erb (1.1ms)
  Rendered /usr/libexec/openshift/cartridges/c9-0.1/root/lib/ruby/gems/gems/actionpack-4.0.0/lib/action_dispatch/middleware/templates/rescues/_trace.erb (1.7ms)
  Rendered /usr/libexec/openshift/cartridges/c9-0.1/root/lib/ruby/gems/gems/actionpack-4.0.0/lib/action_dispatch/middleware/templates/rescues/_request_and_response.erb (104.2ms)
  Rendered /usr/libexec/openshift/cartridges/c9-0.1/root/lib/ruby/gems/gems/actionpack-4.0.0/lib/action_dispatch/middleware/templates/rescues/diagnostics.erb within rescues/layout (269.1ms)


Started GET "/" for 127.11.112.129 at 2014-03-28 00:51:11 -0400
Processing by Rails::WelcomeController#index as HTML
  Rendered /usr/libexec/openshift/cartridges/c9-0.1/root/lib/ruby/gems/gems/railties-4.0.0/lib/rails/templates/rails/welcome/index.html.erb (1.2ms)
Completed 200 OK in 56ms (Views: 54.5ms | ActiveRecord: 0.0ms)


Started GET "/microposts" for 127.11.112.129 at 2014-03-28 00:51:17 -0400
Processing by MicropostsController#index as HTML
Completed 500 Internal Server Error in 3ms

ArgumentError (wrong number of arguments (0 for 1)):
  app/models/micropost.rb:2:in `<class:Micropost>'
  app/models/micropost.rb:1:in `<top (required)>'
  app/controllers/microposts_controller.rb:7:in `index'


  Rendered /usr/libexec/openshift/cartridges/c9-0.1/root/lib/ruby/gems/gems/actionpack-4.0.0/lib/action_dispatch/middleware/templates/rescues/_source.erb (1.0ms)
  Rendered /usr/libexec/openshift/cartridges/c9-0.1/root/lib/ruby/gems/gems/actionpack-4.0.0/lib/action_dispatch/middleware/templates/rescues/_trace.erb (2.6ms)
  Rendered /usr/libexec/openshift/cartridges/c9-0.1/root/lib/ruby/gems/gems/actionpack-4.0.0/lib/action_dispatch/middleware/templates/rescues/_request_and_response.erb (2.3ms)
  Rendered /usr/libexec/openshift/cartridges/c9-0.1/root/lib/ruby/gems/gems/actionpack-4.0.0/lib/action_dispatch/middleware/templates/rescues/diagnostics.erb within rescues/layout (106.4ms)


Started GET "/users" for 127.11.112.129 at 2014-03-28 00:52:27 -0400
Processing by UsersController#index as HTML
Completed 500 Internal Server Error in 3ms

RuntimeError (`attr_accessible` is extracted out of Rails into a gem. Please use new recommended protection model for params(strong_parameters) or add `protected_attributes` to your Gemfile to use old one.):
  app/models/user.rb:2:in `<class:User>'
  app/models/user.rb:1:in `<top (required)>'
  app/controllers/users_controller.rb:7:in `index'


  Rendered /usr/libexec/openshift/cartridges/c9-0.1/root/lib/ruby/gems/gems/actionpack-4.0.0/lib/action_dispatch/middleware/templates/rescues/_source.erb (7.2ms)
  Rendered /usr/libexec/openshift/cartridges/c9-0.1/root/lib/ruby/gems/gems/actionpack-4.0.0/lib/action_dispatch/middleware/templates/rescues/_trace.erb (1.7ms)
  Rendered /usr/libexec/openshift/cartridges/c9-0.1/root/lib/ruby/gems/gems/actionpack-4.0.0/lib/action_dispatch/middleware/templates/rescues/_request_and_response.erb (1.5ms)
  Rendered /usr/libexec/openshift/cartridges/c9-0.1/root/lib/ruby/gems/gems/actionpack-4.0.0/lib/action_dispatch/middleware/templates/rescues/diagnostics.erb within rescues/layout (111.3ms)


Started GET "/" for 127.11.112.129 at 2014-03-28 00:54:56 -0400
  [1m[36mActiveRecord::SchemaMigration Load (0.3ms)[0m  [1mSELECT "schema_migrations".* FROM "schema_migrations"[0m
Processing by Rails::WelcomeController#index as HTML
  Rendered /usr/libexec/openshift/cartridges/c9-0.1/root/lib/ruby/gems/gems/railties-4.0.0/lib/rails/templates/rails/welcome/index.html.erb (200.8ms)
Completed 200 OK in 221ms (Views: 219.7ms | ActiveRecord: 0.0ms)


Started GET "/users" for 127.11.112.129 at 2014-03-28 00:55:19 -0400
Processing by UsersController#index as HTML
Completed 500 Internal Server Error in 6ms

RuntimeError (`attr_accessible` is extracted out of Rails into a gem. Please use new recommended protection model for params(strong_parameters) or add `protected_attributes` to your Gemfile to use old one.):
  app/models/user.rb:2:in `<class:User>'
  app/models/user.rb:1:in `<top (required)>'
  app/controllers/users_controller.rb:7:in `index'


  Rendered /usr/libexec/openshift/cartridges/c9-0.1/root/lib/ruby/gems/gems/actionpack-4.0.0/lib/action_dispatch/middleware/templates/rescues/_source.erb (1.0ms)
  Rendered /usr/libexec/openshift/cartridges/c9-0.1/root/lib/ruby/gems/gems/actionpack-4.0.0/lib/action_dispatch/middleware/templates/rescues/_trace.erb (1.5ms)
  Rendered /usr/libexec/openshift/cartridges/c9-0.1/root/lib/ruby/gems/gems/actionpack-4.0.0/lib/action_dispatch/middleware/templates/rescues/_request_and_response.erb (367.4ms)
  Rendered /usr/libexec/openshift/cartridges/c9-0.1/root/lib/ruby/gems/gems/actionpack-4.0.0/lib/action_dispatch/middleware/templates/rescues/diagnostics.erb within rescues/layout (454.1ms)


Started GET "/users" for 127.11.112.129 at 2014-03-28 00:55:20 -0400
Processing by UsersController#index as HTML
Completed 500 Internal Server Error in 25ms

RuntimeError (`attr_accessible` is extracted out of Rails into a gem. Please use new recommended protection model for params(strong_parameters) or add `protected_attributes` to your Gemfile to use old one.):
  app/models/user.rb:2:in `<class:User>'
  app/models/user.rb:1:in `<top (required)>'
  app/controllers/users_controller.rb:7:in `index'


  Rendered /usr/libexec/openshift/cartridges/c9-0.1/root/lib/ruby/gems/gems/actionpack-4.0.0/lib/action_dispatch/middleware/templates/rescues/_source.erb (1.1ms)
  Rendered /usr/libexec/openshift/cartridges/c9-0.1/root/lib/ruby/gems/gems/actionpack-4.0.0/lib/action_dispatch/middleware/templates/rescues/_trace.erb (4.8ms)
  Rendered /usr/libexec/openshift/cartridges/c9-0.1/root/lib/ruby/gems/gems/actionpack-4.0.0/lib/action_dispatch/middleware/templates/rescues/_request_and_response.erb (3.5ms)
  Rendered /usr/libexec/openshift/cartridges/c9-0.1/root/lib/ruby/gems/gems/actionpack-4.0.0/lib/action_dispatch/middleware/templates/rescues/diagnostics.erb within rescues/layout (97.1ms)


Started GET "/users" for 127.11.112.129 at 2014-03-28 01:09:35 -0400
  [1m[36mActiveRecord::SchemaMigration Load (0.3ms)[0m  [1mSELECT "schema_migrations".* FROM "schema_migrations"[0m
Processing by UsersController#index as HTML
  [1m[35mUser Load (0.4ms)[0m  SELECT "users".* FROM "users"
  Rendered users/index.html.erb within layouts/application (203.8ms)
Completed 200 OK in 674ms (Views: 605.1ms | ActiveRecord: 0.8ms)


Started GET "/assets/jquery_ujs.js?body=1" for 127.11.112.129 at 2014-03-28 01:09:39 -0400


Started GET "/assets/application.css?body=1" for 127.11.112.129 at 2014-03-28 01:09:39 -0400


Started GET "/assets/microposts.css?body=1" for 127.11.112.129 at 2014-03-28 01:09:39 -0400


Started GET "/assets/users.css?body=1" for 127.11.112.129 at 2014-03-28 01:09:40 -0400


Started GET "/assets/jquery.js?body=1" for 127.11.112.129 at 2014-03-28 01:09:40 -0400


Started GET "/assets/scaffolds.css?body=1" for 127.11.112.129 at 2014-03-28 01:09:40 -0400


Started GET "/assets/users.js?body=1" for 127.11.112.129 at 2014-03-28 01:09:40 -0400


Started GET "/assets/microposts.js?body=1" for 127.11.112.129 at 2014-03-28 01:09:40 -0400


Started GET "/assets/turbolinks.js?body=1" for 127.11.112.129 at 2014-03-28 01:09:40 -0400


Started GET "/assets/application.js?body=1" for 127.11.112.129 at 2014-03-28 01:09:40 -0400


Started GET "/microposts" for 127.11.112.129 at 2014-03-28 01:09:59 -0400
Processing by MicropostsController#index as HTML
Completed 500 Internal Server Error in 4ms

ArgumentError (wrong number of arguments (0 for 1)):
  app/models/micropost.rb:2:in `<class:Micropost>'
  app/models/micropost.rb:1:in `<top (required)>'
  app/controllers/microposts_controller.rb:7:in `index'


  Rendered /usr/libexec/openshift/cartridges/c9-0.1/root/lib/ruby/gems/gems/actionpack-4.0.0/lib/action_dispatch/middleware/templates/rescues/_source.erb (1.1ms)
  Rendered /usr/libexec/openshift/cartridges/c9-0.1/root/lib/ruby/gems/gems/actionpack-4.0.0/lib/action_dispatch/middleware/templates/rescues/_trace.erb (104.4ms)
  Rendered /usr/libexec/openshift/cartridges/c9-0.1/root/lib/ruby/gems/gems/actionpack-4.0.0/lib/action_dispatch/middleware/templates/rescues/_request_and_response.erb (2.0ms)
  Rendered /usr/libexec/openshift/cartridges/c9-0.1/root/lib/ruby/gems/gems/actionpack-4.0.0/lib/action_dispatch/middleware/templates/rescues/diagnostics.erb within rescues/layout (201.6ms)


Started GET "/microposts" for 127.11.112.129 at 2014-03-28 01:12:04 -0400
Processing by MicropostsController#index as HTML
  [1m[36mMicropost Load (3.2ms)[0m  [1mSELECT "microposts".* FROM "microposts"[0m
  Rendered microposts/index.html.erb within layouts/application (74.3ms)
Completed 200 OK in 108ms (Views: 100.5ms | ActiveRecord: 3.7ms)


Started GET "/assets/application.css?body=1" for 127.11.112.129 at 2014-03-28 01:12:05 -0400


Started GET "/assets/jquery.js?body=1" for 127.11.112.129 at 2014-03-28 01:12:05 -0400


Started GET "/assets/users.css?body=1" for 127.11.112.129 at 2014-03-28 01:12:05 -0400


Started GET "/assets/scaffolds.css?body=1" for 127.11.112.129 at 2014-03-28 01:12:05 -0400


Started GET "/assets/microposts.css?body=1" for 127.11.112.129 at 2014-03-28 01:12:05 -0400


Started GET "/assets/jquery_ujs.js?body=1" for 127.11.112.129 at 2014-03-28 01:12:05 -0400


Started GET "/assets/turbolinks.js?body=1" for 127.11.112.129 at 2014-03-28 01:12:05 -0400


Started GET "/assets/microposts.js?body=1" for 127.11.112.129 at 2014-03-28 01:12:05 -0400


Started GET "/assets/application.js?body=1" for 127.11.112.129 at 2014-03-28 01:12:05 -0400


Started GET "/assets/users.js?body=1" for 127.11.112.129 at 2014-03-28 01:12:05 -0400


Started GET "/microposts/new" for 127.11.112.129 at 2014-03-28 01:12:33 -0400
Processing by MicropostsController#new as HTML
  Rendered microposts/_form.html.erb (215.3ms)
  Rendered microposts/new.html.erb within layouts/application (366.0ms)
Completed 200 OK in 386ms (Views: 385.3ms | ActiveRecord: 0.0ms)


Started POST "/microposts" for 127.11.112.129 at 2014-03-28 01:12:52 -0400
Processing by MicropostsController#create as HTML
  Parameters: {"utf8"=>"✓", "authenticity_token"=>"6mVkthi3TpE5hR75GE6nlM+QTpLb98Mu2dFLWWi6CT4=", "micropost"=>{"content"=>"1111111111111111111111111111111111111111111111111111111111111111111111111111111111111111111111111111111111111111111111111111111111111111111111111111111111111111111111111111111111111111111111111111111111111111111111111111111111111111111111111111111111111111111111111111111111111111111111111111111111111111111111111111111111111111111111111", "user_id"=>"2"}, "commit"=>"Create Micropost"}
  [1m[35m (0.2ms)[0m  begin transaction
  [1m[36m (0.7ms)[0m  [1mrollback transaction[0m
  Rendered microposts/_form.html.erb (12.6ms)
  Rendered microposts/new.html.erb within layouts/application (26.9ms)
Completed 200 OK in 95ms (Views: 86.7ms | ActiveRecord: 0.8ms)


Started GET "/assets/application.css?body=1" for 127.11.112.129 at 2014-03-28 01:12:53 -0400


Started GET "/assets/scaffolds.css?body=1" for 127.11.112.129 at 2014-03-28 01:12:53 -0400


Started GET "/assets/users.css?body=1" for 127.11.112.129 at 2014-03-28 01:12:53 -0400


Started GET "/assets/jquery.js?body=1" for 127.11.112.129 at 2014-03-28 01:12:53 -0400


Started GET "/assets/jquery_ujs.js?body=1" for 127.11.112.129 at 2014-03-28 01:12:53 -0400


Started GET "/assets/microposts.css?body=1" for 127.11.112.129 at 2014-03-28 01:12:53 -0400


Started GET "/assets/microposts.js?body=1" for 127.11.112.129 at 2014-03-28 01:12:53 -0400


Started GET "/assets/users.js?body=1" for 127.11.112.129 at 2014-03-28 01:12:53 -0400


Started GET "/assets/turbolinks.js?body=1" for 127.11.112.129 at 2014-03-28 01:12:53 -0400


Started GET "/assets/application.js?body=1" for 127.11.112.129 at 2014-03-28 01:12:53 -0400


Started GET "/microposts" for 127.11.112.129 at 2014-03-28 01:12:59 -0400
Processing by MicropostsController#index as HTML
  [1m[35mMicropost Load (0.3ms)[0m  SELECT "microposts".* FROM "microposts"
  Rendered microposts/index.html.erb within layouts/application (3.6ms)
Completed 200 OK in 18ms (Views: 16.4ms | ActiveRecord: 0.3ms)


Started GET "/assets/microposts.css?body=1" for 127.11.112.129 at 2014-03-28 01:13:00 -0400


Started GET "/assets/application.css?body=1" for 127.11.112.129 at 2014-03-28 01:13:00 -0400


Started GET "/assets/jquery.js?body=1" for 127.11.112.129 at 2014-03-28 01:13:00 -0400


Started GET "/assets/jquery_ujs.js?body=1" for 127.11.112.129 at 2014-03-28 01:13:00 -0400


Started GET "/assets/users.css?body=1" for 127.11.112.129 at 2014-03-28 01:13:00 -0400


Started GET "/assets/scaffolds.css?body=1" for 127.11.112.129 at 2014-03-28 01:13:00 -0400


Started GET "/assets/turbolinks.js?body=1" for 127.11.112.129 at 2014-03-28 01:13:00 -0400


Started GET "/assets/microposts.js?body=1" for 127.11.112.129 at 2014-03-28 01:13:00 -0400


Started GET "/assets/users.js?body=1" for 127.11.112.129 at 2014-03-28 01:13:01 -0400


Started GET "/assets/application.js?body=1" for 127.11.112.129 at 2014-03-28 01:13:01 -0400
  [1m[36mUser Load (0.3ms)[0m  [1mSELECT "users".* FROM "users" ORDER BY "users"."id" ASC LIMIT 1[0m
  [1m[35mMicropost Load (88.4ms)[0m  SELECT "microposts".* FROM "microposts" WHERE "microposts"."user_id" = ?  [["user_id", 1]]
