# Logfile created on 2014-03-27 19:43:15 -0400 by logger.rb/31641
I, [2014-03-27T19:43:15.213750 #471904]  INFO -- : 0:  rake (10.2.2) from /var/lib/stickshift/5332e7865004460ac2000076/app-root/data/lib/ruby/gems/specifications/rake-10.2.2.gemspec
I, [2014-03-27T19:43:15.214782 #471904]  INFO -- : 0:  i18n (0.6.9) from /usr/libexec/openshift/cartridges/c9-0.1/root/lib/ruby/gems/specifications/i18n-0.6.9.gemspec
I, [2014-03-27T19:43:15.215324 #471904]  INFO -- : 0:  minitest (4.7.5) from /usr/libexec/openshift/cartridges/c9-0.1/root/lib/ruby/gems/specifications/minitest-4.7.5.gemspec
I, [2014-03-27T19:43:18.006968 #471904]  INFO -- : 0:  multi_json (1.9.2) from /var/lib/stickshift/5332e7865004460ac2000076/app-root/data/lib/ruby/gems/specifications/multi_json-1.9.2.gemspec
I, [2014-03-27T19:43:26.013537 #471904]  INFO -- : 0:  atomic (1.1.16) from /var/lib/stickshift/5332e7865004460ac2000076/app-root/data/lib/ruby/gems/specifications/atomic-1.1.16.gemspec
I, [2014-03-27T19:43:29.601124 #471904]  INFO -- : 0:  thread_safe (0.3.1) from /var/lib/stickshift/5332e7865004460ac2000076/app-root/data/lib/ruby/gems/specifications/thread_safe-0.3.1.gemspec
I, [2014-03-27T19:43:49.413086 #471904]  INFO -- : 0:  tzinfo (0.3.39) from /var/lib/stickshift/5332e7865004460ac2000076/app-root/data/lib/ruby/gems/specifications/tzinfo-0.3.39.gemspec
I, [2014-03-27T19:43:58.130173 #471904]  INFO -- : 0:  activesupport (4.0.2) from /var/lib/stickshift/5332e7865004460ac2000076/app-root/data/lib/ruby/gems/specifications/activesupport-4.0.2.gemspec
I, [2014-03-27T19:43:58.131337 #471904]  INFO -- : 0:  builder (3.1.4) from /usr/libexec/openshift/cartridges/c9-0.1/root/lib/ruby/gems/specifications/builder-3.1.4.gemspec
I, [2014-03-27T19:43:58.132115 #471904]  INFO -- : 0:  erubis (2.7.0) from /usr/libexec/openshift/cartridges/c9-0.1/root/lib/ruby/gems/specifications/erubis-2.7.0.gemspec
I, [2014-03-27T19:43:58.132796 #471904]  INFO -- : 0:  rack (1.5.2) from /usr/libexec/openshift/cartridges/c9-0.1/root/lib/ruby/gems/specifications/rack-1.5.2.gemspec
I, [2014-03-27T19:43:58.133419 #471904]  INFO -- : 0:  rack-test (0.6.2) from /usr/libexec/openshift/cartridges/c9-0.1/root/lib/ruby/gems/specifications/rack-test-0.6.2.gemspec
I, [2014-03-27T19:44:08.525910 #471904]  INFO -- : 0:  actionpack (4.0.2) from /var/lib/stickshift/5332e7865004460ac2000076/app-root/data/lib/ruby/gems/specifications/actionpack-4.0.2.gemspec
I, [2014-03-27T19:44:08.526990 #471904]  INFO -- : 0:  mime-types (1.25.1) from /usr/libexec/openshift/cartridges/c9-0.1/root/lib/ruby/gems/specifications/mime-types-1.25.1.gemspec
I, [2014-03-27T19:44:09.726781 #471904]  INFO -- : 0:  polyglot (0.3.4) from /var/lib/stickshift/5332e7865004460ac2000076/app-root/data/lib/ruby/gems/specifications/polyglot-0.3.4.gemspec
I, [2014-03-27T19:44:09.727513 #471904]  INFO -- : 0:  treetop (1.4.15) from /usr/libexec/openshift/cartridges/c9-0.1/root/lib/ruby/gems/specifications/treetop-1.4.15.gemspec
I, [2014-03-27T19:44:09.728017 #471904]  INFO -- : 0:  mail (2.5.4) from /usr/libexec/openshift/cartridges/c9-0.1/root/lib/ruby/gems/specifications/mail-2.5.4.gemspec
I, [2014-03-27T19:44:11.533003 #471904]  INFO -- : 0:  actionmailer (4.0.2) from /var/lib/stickshift/5332e7865004460ac2000076/app-root/data/lib/ruby/gems/specifications/actionmailer-4.0.2.gemspec
I, [2014-03-27T19:44:13.721036 #471904]  INFO -- : 0:  activemodel (4.0.2) from /var/lib/stickshift/5332e7865004460ac2000076/app-root/data/lib/ruby/gems/specifications/activemodel-4.0.2.gemspec
I, [2014-03-27T19:44:13.721982 #471904]  INFO -- : 0:  activerecord-deprecated_finders (1.0.3) from /usr/libexec/openshift/cartridges/c9-0.1/root/lib/ruby/gems/specifications/activerecord-deprecated_finders-1.0.3.gemspec
I, [2014-03-27T19:44:19.220222 #471904]  INFO -- : 0:  arel (4.0.2) from /var/lib/stickshift/5332e7865004460ac2000076/app-root/data/lib/ruby/gems/specifications/arel-4.0.2.gemspec
I, [2014-03-27T19:44:26.303915 #471904]  INFO -- : 0:  activerecord (4.0.2) from /var/lib/stickshift/5332e7865004460ac2000076/app-root/data/lib/ruby/gems/specifications/activerecord-4.0.2.gemspec
I, [2014-03-27T19:44:26.304862 #471904]  INFO -- : 0:  bundler (1.5.1) from /usr/libexec/openshift/cartridges/c9-0.1/root/lib/ruby/gems/specifications/bundler-1.5.1.gemspec
I, [2014-03-27T19:44:28.002727 #471904]  INFO -- : 0:  coffee-script-source (1.7.0) from /var/lib/stickshift/5332e7865004460ac2000076/app-root/data/lib/ruby/gems/specifications/coffee-script-source-1.7.0.gemspec
I, [2014-03-27T19:44:28.003630 #471904]  INFO -- : 0:  execjs (2.0.2) from /usr/libexec/openshift/cartridges/c9-0.1/root/lib/ruby/gems/specifications/execjs-2.0.2.gemspec
I, [2014-03-27T19:44:28.004238 #471904]  INFO -- : 0:  coffee-script (2.2.0) from /usr/libexec/openshift/cartridges/c9-0.1/root/lib/ruby/gems/specifications/coffee-script-2.2.0.gemspec
I, [2014-03-27T19:44:33.121427 #471904]  INFO -- : 0:  thor (0.19.1) from /var/lib/stickshift/5332e7865004460ac2000076/app-root/data/lib/ruby/gems/specifications/thor-0.19.1.gemspec
I, [2014-03-27T19:44:44.905758 #471904]  INFO -- : 0:  railties (4.0.2) from /var/lib/stickshift/5332e7865004460ac2000076/app-root/data/lib/ruby/gems/specifications/railties-4.0.2.gemspec
I, [2014-03-27T19:44:44.906933 #471904]  INFO -- : 0:  coffee-rails (4.0.1) from /usr/libexec/openshift/cartridges/c9-0.1/root/lib/ruby/gems/specifications/coffee-rails-4.0.1.gemspec
I, [2014-03-27T19:44:44.907564 #471904]  INFO -- : 0:  hike (1.2.3) from /usr/libexec/openshift/cartridges/c9-0.1/root/lib/ruby/gems/specifications/hike-1.2.3.gemspec
I, [2014-03-27T19:44:46.504553 #471904]  INFO -- : 0:  jbuilder (1.0.2) from /var/lib/stickshift/5332e7865004460ac2000076/app-root/data/lib/ruby/gems/specifications/jbuilder-1.0.2.gemspec
I, [2014-03-27T19:44:46.505491 #471904]  INFO -- : 0:  jquery-rails (3.0.4) from /usr/libexec/openshift/cartridges/c9-0.1/root/lib/ruby/gems/specifications/jquery-rails-3.0.4.gemspec
I, [2014-03-27T19:44:46.506090 #471904]  INFO -- : 0:  json (1.8.1) from /usr/libexec/openshift/cartridges/c9-0.1/root/lib/ruby/gems/specifications/json-1.8.1.gemspec
I, [2014-03-27T19:45:42.835991 #471904]  INFO -- : 0:  pg (0.15.1) from /var/lib/stickshift/5332e7865004460ac2000076/app-root/data/lib/ruby/gems/specifications/pg-0.15.1.gemspec
I, [2014-03-27T19:45:42.838217 #471904]  INFO -- : 0:  tilt (1.4.1) from /usr/libexec/openshift/cartridges/c9-0.1/root/lib/ruby/gems/specifications/tilt-1.4.1.gemspec
I, [2014-03-27T19:45:45.322174 #471904]  INFO -- : 0:  sprockets (2.12.0) from /var/lib/stickshift/5332e7865004460ac2000076/app-root/data/lib/ruby/gems/specifications/sprockets-2.12.0.gemspec
I, [2014-03-27T19:45:45.324128 #471904]  INFO -- : 0:  sprockets-rails (2.0.1) from /usr/libexec/openshift/cartridges/c9-0.1/root/lib/ruby/gems/specifications/sprockets-rails-2.0.1.gemspec
I, [2014-03-27T19:45:58.526569 #471904]  INFO -- : 0:  rails (4.0.2) from /var/lib/stickshift/5332e7865004460ac2000076/app-root/data/lib/ruby/gems/specifications/rails-4.0.2.gemspec
I, [2014-03-27T19:46:00.102314 #471904]  INFO -- : 0:  rails_serve_static_assets (0.0.2) from /var/lib/stickshift/5332e7865004460ac2000076/app-root/data/lib/ruby/gems/specifications/rails_serve_static_assets-0.0.2.gemspec
I, [2014-03-27T19:46:03.524726 #471904]  INFO -- : 0:  rails_stdout_logging (0.0.3) from /var/lib/stickshift/5332e7865004460ac2000076/app-root/data/lib/ruby/gems/specifications/rails_stdout_logging-0.0.3.gemspec
I, [2014-03-27T19:46:05.251054 #471904]  INFO -- : 0:  rails_12factor (0.0.2) from /var/lib/stickshift/5332e7865004460ac2000076/app-root/data/lib/ruby/gems/specifications/rails_12factor-0.0.2.gemspec
I, [2014-03-27T19:46:13.817881 #471904]  INFO -- : 0:  rdoc (3.12.2) from /var/lib/stickshift/5332e7865004460ac2000076/app-root/data/lib/ruby/gems/specifications/rdoc-3.12.2.gemspec
I, [2014-03-27T19:46:25.740994 #471904]  INFO -- : 0:  sass (3.3.4) from /var/lib/stickshift/5332e7865004460ac2000076/app-root/data/lib/ruby/gems/specifications/sass-3.3.4.gemspec
I, [2014-03-27T19:46:25.741886 #471904]  INFO -- : 0:  sass-rails (4.0.1) from /usr/libexec/openshift/cartridges/c9-0.1/root/lib/ruby/gems/specifications/sass-rails-4.0.1.gemspec
I, [2014-03-27T19:46:29.504965 #471904]  INFO -- : 0:  sdoc (0.3.20) from /var/lib/stickshift/5332e7865004460ac2000076/app-root/data/lib/ruby/gems/specifications/sdoc-0.3.20.gemspec
I, [2014-03-27T19:46:29.505972 #471904]  INFO -- : 0:  sqlite3 (1.3.8) from /usr/libexec/openshift/cartridges/c9-0.1/root/lib/ruby/gems/specifications/sqlite3-1.3.8.gemspec
I, [2014-03-27T19:46:30.914967 #471904]  INFO -- : 0:  turbolinks (1.1.1) from /var/lib/stickshift/5332e7865004460ac2000076/app-root/data/lib/ruby/gems/specifications/turbolinks-1.1.1.gemspec
I, [2014-03-27T19:46:32.617275 #471904]  INFO -- : 0:  uglifier (2.1.1) from /var/lib/stickshift/5332e7865004460ac2000076/app-root/data/lib/ruby/gems/specifications/uglifier-2.1.1.gemspec
I, [2014-03-27T19:52:33.001933 #482517]  INFO -- : 0:  rake (10.2.2) from /var/lib/stickshift/5332e7865004460ac2000076/app-root/data/lib/ruby/gems/specifications/rake-10.2.2.gemspec
I, [2014-03-27T19:52:33.002850 #482517]  INFO -- : 0:  i18n (0.6.9) from /usr/libexec/openshift/cartridges/c9-0.1/root/lib/ruby/gems/specifications/i18n-0.6.9.gemspec
I, [2014-03-27T19:52:33.003422 #482517]  INFO -- : 0:  minitest (4.7.5) from /usr/libexec/openshift/cartridges/c9-0.1/root/lib/ruby/gems/specifications/minitest-4.7.5.gemspec
I, [2014-03-27T19:52:33.004273 #482517]  INFO -- : 0:  multi_json (1.9.2) from /var/lib/stickshift/5332e7865004460ac2000076/app-root/data/lib/ruby/gems/specifications/multi_json-1.9.2.gemspec
I, [2014-03-27T19:52:33.004993 #482517]  INFO -- : 0:  atomic (1.1.16) from /var/lib/stickshift/5332e7865004460ac2000076/app-root/data/lib/ruby/gems/specifications/atomic-1.1.16.gemspec
I, [2014-03-27T19:52:33.005591 #482517]  INFO -- : 0:  thread_safe (0.3.1) from /var/lib/stickshift/5332e7865004460ac2000076/app-root/data/lib/ruby/gems/specifications/thread_safe-0.3.1.gemspec
I, [2014-03-27T19:52:33.014028 #482517]  INFO -- : 0:  tzinfo (0.3.39) from /var/lib/stickshift/5332e7865004460ac2000076/app-root/data/lib/ruby/gems/specifications/tzinfo-0.3.39.gemspec
I, [2014-03-27T19:52:33.014903 #482517]  INFO -- : 0:  activesupport (4.0.2) from /var/lib/stickshift/5332e7865004460ac2000076/app-root/data/lib/ruby/gems/specifications/activesupport-4.0.2.gemspec
I, [2014-03-27T19:52:33.015480 #482517]  INFO -- : 0:  builder (3.1.4) from /usr/libexec/openshift/cartridges/c9-0.1/root/lib/ruby/gems/specifications/builder-3.1.4.gemspec
I, [2014-03-27T19:52:33.016143 #482517]  INFO -- : 0:  erubis (2.7.0) from /usr/libexec/openshift/cartridges/c9-0.1/root/lib/ruby/gems/specifications/erubis-2.7.0.gemspec
I, [2014-03-27T19:52:33.016825 #482517]  INFO -- : 0:  rack (1.5.2) from /usr/libexec/openshift/cartridges/c9-0.1/root/lib/ruby/gems/specifications/rack-1.5.2.gemspec
I, [2014-03-27T19:52:33.017370 #482517]  INFO -- : 0:  rack-test (0.6.2) from /usr/libexec/openshift/cartridges/c9-0.1/root/lib/ruby/gems/specifications/rack-test-0.6.2.gemspec
I, [2014-03-27T19:52:33.018087 #482517]  INFO -- : 0:  actionpack (4.0.2) from /var/lib/stickshift/5332e7865004460ac2000076/app-root/data/lib/ruby/gems/specifications/actionpack-4.0.2.gemspec
I, [2014-03-27T19:52:33.018776 #482517]  INFO -- : 0:  mime-types (1.25.1) from /usr/libexec/openshift/cartridges/c9-0.1/root/lib/ruby/gems/specifications/mime-types-1.25.1.gemspec
I, [2014-03-27T19:52:33.019367 #482517]  INFO -- : 0:  polyglot (0.3.4) from /var/lib/stickshift/5332e7865004460ac2000076/app-root/data/lib/ruby/gems/specifications/polyglot-0.3.4.gemspec
I, [2014-03-27T19:52:33.020076 #482517]  INFO -- : 0:  treetop (1.4.15) from /usr/libexec/openshift/cartridges/c9-0.1/root/lib/ruby/gems/specifications/treetop-1.4.15.gemspec
I, [2014-03-27T19:52:33.020602 #482517]  INFO -- : 0:  mail (2.5.4) from /usr/libexec/openshift/cartridges/c9-0.1/root/lib/ruby/gems/specifications/mail-2.5.4.gemspec
I, [2014-03-27T19:52:33.021269 #482517]  INFO -- : 0:  actionmailer (4.0.2) from /var/lib/stickshift/5332e7865004460ac2000076/app-root/data/lib/ruby/gems/specifications/actionmailer-4.0.2.gemspec
I, [2014-03-27T19:52:33.021942 #482517]  INFO -- : 0:  activemodel (4.0.2) from /var/lib/stickshift/5332e7865004460ac2000076/app-root/data/lib/ruby/gems/specifications/activemodel-4.0.2.gemspec
I, [2014-03-27T19:52:33.022500 #482517]  INFO -- : 0:  activerecord-deprecated_finders (1.0.3) from /usr/libexec/openshift/cartridges/c9-0.1/root/lib/ruby/gems/specifications/activerecord-deprecated_finders-1.0.3.gemspec
I, [2014-03-27T19:52:33.023140 #482517]  INFO -- : 0:  arel (4.0.2) from /var/lib/stickshift/5332e7865004460ac2000076/app-root/data/lib/ruby/gems/specifications/arel-4.0.2.gemspec
I, [2014-03-27T19:52:33.023766 #482517]  INFO -- : 0:  activerecord (4.0.2) from /var/lib/stickshift/5332e7865004460ac2000076/app-root/data/lib/ruby/gems/specifications/activerecord-4.0.2.gemspec
I, [2014-03-27T19:52:33.024305 #482517]  INFO -- : 0:  coffee-script-source (1.7.0) from /var/lib/stickshift/5332e7865004460ac2000076/app-root/data/lib/ruby/gems/specifications/coffee-script-source-1.7.0.gemspec
I, [2014-03-27T19:52:33.024984 #482517]  INFO -- : 0:  execjs (2.0.2) from /usr/libexec/openshift/cartridges/c9-0.1/root/lib/ruby/gems/specifications/execjs-2.0.2.gemspec
I, [2014-03-27T19:52:33.025551 #482517]  INFO -- : 0:  coffee-script (2.2.0) from /usr/libexec/openshift/cartridges/c9-0.1/root/lib/ruby/gems/specifications/coffee-script-2.2.0.gemspec
I, [2014-03-27T19:52:33.026249 #482517]  INFO -- : 0:  thor (0.19.1) from /var/lib/stickshift/5332e7865004460ac2000076/app-root/data/lib/ruby/gems/specifications/thor-0.19.1.gemspec
I, [2014-03-27T19:52:33.026920 #482517]  INFO -- : 0:  railties (4.0.2) from /var/lib/stickshift/5332e7865004460ac2000076/app-root/data/lib/ruby/gems/specifications/railties-4.0.2.gemspec
I, [2014-03-27T19:52:33.027560 #482517]  INFO -- : 0:  coffee-rails (4.0.1) from /usr/libexec/openshift/cartridges/c9-0.1/root/lib/ruby/gems/specifications/coffee-rails-4.0.1.gemspec
I, [2014-03-27T19:52:33.028245 #482517]  INFO -- : 0:  hike (1.2.3) from /usr/libexec/openshift/cartridges/c9-0.1/root/lib/ruby/gems/specifications/hike-1.2.3.gemspec
I, [2014-03-27T19:52:33.028919 #482517]  INFO -- : 0:  jbuilder (1.0.2) from /var/lib/stickshift/5332e7865004460ac2000076/app-root/data/lib/ruby/gems/specifications/jbuilder-1.0.2.gemspec
I, [2014-03-27T19:52:33.029556 #482517]  INFO -- : 0:  jquery-rails (3.0.4) from /usr/libexec/openshift/cartridges/c9-0.1/root/lib/ruby/gems/specifications/jquery-rails-3.0.4.gemspec
I, [2014-03-27T19:52:33.030235 #482517]  INFO -- : 0:  json (1.8.1) from /usr/libexec/openshift/cartridges/c9-0.1/root/lib/ruby/gems/specifications/json-1.8.1.gemspec
I, [2014-03-27T19:52:33.103712 #482517]  INFO -- : 0:  bundler (1.5.1) from /usr/libexec/openshift/cartridges/c9-0.1/root/lib/ruby/gems/specifications/bundler-1.5.1.gemspec
I, [2014-03-27T19:52:33.104418 #482517]  INFO -- : 0:  tilt (1.4.1) from /usr/libexec/openshift/cartridges/c9-0.1/root/lib/ruby/gems/specifications/tilt-1.4.1.gemspec
I, [2014-03-27T19:52:33.105202 #482517]  INFO -- : 0:  sprockets (2.12.0) from /var/lib/stickshift/5332e7865004460ac2000076/app-root/data/lib/ruby/gems/specifications/sprockets-2.12.0.gemspec
I, [2014-03-27T19:52:33.105924 #482517]  INFO -- : 0:  sprockets-rails (2.0.1) from /usr/libexec/openshift/cartridges/c9-0.1/root/lib/ruby/gems/specifications/sprockets-rails-2.0.1.gemspec
I, [2014-03-27T19:52:33.106513 #482517]  INFO -- : 0:  rails (4.0.2) from /var/lib/stickshift/5332e7865004460ac2000076/app-root/data/lib/ruby/gems/specifications/rails-4.0.2.gemspec
I, [2014-03-27T19:52:33.107242 #482517]  INFO -- : 0:  rdoc (3.12.2) from /var/lib/stickshift/5332e7865004460ac2000076/app-root/data/lib/ruby/gems/specifications/rdoc-3.12.2.gemspec
I, [2014-03-27T19:52:33.107977 #482517]  INFO -- : 0:  sass (3.3.4) from /var/lib/stickshift/5332e7865004460ac2000076/app-root/data/lib/ruby/gems/specifications/sass-3.3.4.gemspec
I, [2014-03-27T19:52:33.108567 #482517]  INFO -- : 0:  sass-rails (4.0.1) from /usr/libexec/openshift/cartridges/c9-0.1/root/lib/ruby/gems/specifications/sass-rails-4.0.1.gemspec
I, [2014-03-27T19:52:33.109269 #482517]  INFO -- : 0:  sdoc (0.3.20) from /var/lib/stickshift/5332e7865004460ac2000076/app-root/data/lib/ruby/gems/specifications/sdoc-0.3.20.gemspec
I, [2014-03-27T19:52:33.109986 #482517]  INFO -- : 0:  sqlite3 (1.3.8) from /usr/libexec/openshift/cartridges/c9-0.1/root/lib/ruby/gems/specifications/sqlite3-1.3.8.gemspec
I, [2014-03-27T19:52:33.110571 #482517]  INFO -- : 0:  turbolinks (1.1.1) from /var/lib/stickshift/5332e7865004460ac2000076/app-root/data/lib/ruby/gems/specifications/turbolinks-1.1.1.gemspec
I, [2014-03-27T19:52:33.111293 #482517]  INFO -- : 0:  uglifier (2.1.1) from /var/lib/stickshift/5332e7865004460ac2000076/app-root/data/lib/ruby/gems/specifications/uglifier-2.1.1.gemspec
I, [2014-03-27T19:56:30.222052 #486504]  INFO -- : 0:  rake (10.2.2) from /var/lib/stickshift/5332e7865004460ac2000076/app-root/data/lib/ruby/gems/specifications/rake-10.2.2.gemspec
I, [2014-03-27T19:56:30.226175 #486504]  INFO -- : 0:  i18n (0.6.9) from /usr/libexec/openshift/cartridges/c9-0.1/root/lib/ruby/gems/specifications/i18n-0.6.9.gemspec
I, [2014-03-27T19:56:30.226944 #486504]  INFO -- : 0:  multi_json (1.9.2) from /var/lib/stickshift/5332e7865004460ac2000076/app-root/data/lib/ruby/gems/specifications/multi_json-1.9.2.gemspec
I, [2014-03-27T19:56:39.114053 #486504]  INFO -- : 0:  activesupport (3.2.14) from /var/lib/stickshift/5332e7865004460ac2000076/app-root/data/lib/ruby/gems/specifications/activesupport-3.2.14.gemspec
I, [2014-03-27T19:56:41.130713 #486504]  INFO -- : 0:  builder (3.0.4) from /var/lib/stickshift/5332e7865004460ac2000076/app-root/data/lib/ruby/gems/specifications/builder-3.0.4.gemspec
I, [2014-03-27T19:56:44.213593 #486504]  INFO -- : 0:  activemodel (3.2.14) from /var/lib/stickshift/5332e7865004460ac2000076/app-root/data/lib/ruby/gems/specifications/activemodel-3.2.14.gemspec
I, [2014-03-27T19:56:44.214492 #486504]  INFO -- : 0:  erubis (2.7.0) from /usr/libexec/openshift/cartridges/c9-0.1/root/lib/ruby/gems/specifications/erubis-2.7.0.gemspec
I, [2014-03-27T19:56:47.206447 #486504]  INFO -- : 0:  journey (1.0.4) from /var/lib/stickshift/5332e7865004460ac2000076/app-root/data/lib/ruby/gems/specifications/journey-1.0.4.gemspec
I, [2014-03-27T19:56:54.609403 #486504]  INFO -- : 0:  rack (1.4.5) from /var/lib/stickshift/5332e7865004460ac2000076/app-root/data/lib/ruby/gems/specifications/rack-1.4.5.gemspec
I, [2014-03-27T19:56:57.125304 #486504]  INFO -- : 0:  rack-cache (1.2) from /var/lib/stickshift/5332e7865004460ac2000076/app-root/data/lib/ruby/gems/specifications/rack-cache-1.2.gemspec
I, [2014-03-27T19:56:57.129593 #486504]  INFO -- : 0:  rack-test (0.6.2) from /usr/libexec/openshift/cartridges/c9-0.1/root/lib/ruby/gems/specifications/rack-test-0.6.2.gemspec
I, [2014-03-27T19:56:57.130245 #486504]  INFO -- : 0:  hike (1.2.3) from /usr/libexec/openshift/cartridges/c9-0.1/root/lib/ruby/gems/specifications/hike-1.2.3.gemspec
I, [2014-03-27T19:56:57.130953 #486504]  INFO -- : 0:  tilt (1.4.1) from /usr/libexec/openshift/cartridges/c9-0.1/root/lib/ruby/gems/specifications/tilt-1.4.1.gemspec
I, [2014-03-27T19:56:59.134382 #486504]  INFO -- : 0:  sprockets (2.2.2) from /var/lib/stickshift/5332e7865004460ac2000076/app-root/data/lib/ruby/gems/specifications/sprockets-2.2.2.gemspec
I, [2014-03-27T19:57:06.927376 #486504]  INFO -- : 0:  actionpack (3.2.14) from /var/lib/stickshift/5332e7865004460ac2000076/app-root/data/lib/ruby/gems/specifications/actionpack-3.2.14.gemspec
I, [2014-03-27T19:57:06.928352 #486504]  INFO -- : 0:  mime-types (1.25.1) from /usr/libexec/openshift/cartridges/c9-0.1/root/lib/ruby/gems/specifications/mime-types-1.25.1.gemspec
I, [2014-03-27T19:57:06.929173 #486504]  INFO -- : 0:  polyglot (0.3.4) from /var/lib/stickshift/5332e7865004460ac2000076/app-root/data/lib/ruby/gems/specifications/polyglot-0.3.4.gemspec
I, [2014-03-27T19:57:06.929778 #486504]  INFO -- : 0:  treetop (1.4.15) from /usr/libexec/openshift/cartridges/c9-0.1/root/lib/ruby/gems/specifications/treetop-1.4.15.gemspec
I, [2014-03-27T19:57:06.930530 #486504]  INFO -- : 0:  mail (2.5.4) from /usr/libexec/openshift/cartridges/c9-0.1/root/lib/ruby/gems/specifications/mail-2.5.4.gemspec
I, [2014-03-27T19:57:09.117779 #486504]  INFO -- : 0:  actionmailer (3.2.14) from /var/lib/stickshift/5332e7865004460ac2000076/app-root/data/lib/ruby/gems/specifications/actionmailer-3.2.14.gemspec
I, [2014-03-27T19:57:13.913709 #486504]  INFO -- : 0:  arel (3.0.3) from /var/lib/stickshift/5332e7865004460ac2000076/app-root/data/lib/ruby/gems/specifications/arel-3.0.3.gemspec
I, [2014-03-27T19:57:13.914553 #486504]  INFO -- : 0:  tzinfo (0.3.39) from /var/lib/stickshift/5332e7865004460ac2000076/app-root/data/lib/ruby/gems/specifications/tzinfo-0.3.39.gemspec
I, [2014-03-27T19:57:19.805248 #486504]  INFO -- : 0:  activerecord (3.2.14) from /var/lib/stickshift/5332e7865004460ac2000076/app-root/data/lib/ruby/gems/specifications/activerecord-3.2.14.gemspec
I, [2014-03-27T19:57:21.526416 #486504]  INFO -- : 0:  activeresource (3.2.14) from /var/lib/stickshift/5332e7865004460ac2000076/app-root/data/lib/ruby/gems/specifications/activeresource-3.2.14.gemspec
I, [2014-03-27T19:57:21.527293 #486504]  INFO -- : 0:  bundler (1.5.1) from /usr/libexec/openshift/cartridges/c9-0.1/root/lib/ruby/gems/specifications/bundler-1.5.1.gemspec
I, [2014-03-27T19:57:21.527954 #486504]  INFO -- : 0:  coffee-script-source (1.7.0) from /var/lib/stickshift/5332e7865004460ac2000076/app-root/data/lib/ruby/gems/specifications/coffee-script-source-1.7.0.gemspec
I, [2014-03-27T19:57:21.528550 #486504]  INFO -- : 0:  execjs (2.0.2) from /usr/libexec/openshift/cartridges/c9-0.1/root/lib/ruby/gems/specifications/execjs-2.0.2.gemspec
I, [2014-03-27T19:57:21.529145 #486504]  INFO -- : 0:  coffee-script (2.2.0) from /usr/libexec/openshift/cartridges/c9-0.1/root/lib/ruby/gems/specifications/coffee-script-2.2.0.gemspec
I, [2014-03-27T19:57:23.018076 #486504]  INFO -- : 0:  rack-ssl (1.3.4) from /var/lib/stickshift/5332e7865004460ac2000076/app-root/data/lib/ruby/gems/specifications/rack-ssl-1.3.4.gemspec
I, [2014-03-27T19:57:23.023285 #486504]  INFO -- : 0:  json (1.8.1) from /usr/libexec/openshift/cartridges/c9-0.1/root/lib/ruby/gems/specifications/json-1.8.1.gemspec
I, [2014-03-27T19:57:23.025134 #486504]  INFO -- : 0:  rdoc (3.12.2) from /var/lib/stickshift/5332e7865004460ac2000076/app-root/data/lib/ruby/gems/specifications/rdoc-3.12.2.gemspec
I, [2014-03-27T19:57:23.025897 #486504]  INFO -- : 0:  thor (0.19.1) from /var/lib/stickshift/5332e7865004460ac2000076/app-root/data/lib/ruby/gems/specifications/thor-0.19.1.gemspec
I, [2014-03-27T19:57:44.014511 #486504]  INFO -- : 0:  railties (3.2.14) from /var/lib/stickshift/5332e7865004460ac2000076/app-root/data/lib/ruby/gems/specifications/railties-3.2.14.gemspec
I, [2014-03-27T19:57:45.929597 #486504]  INFO -- : 0:  coffee-rails (3.2.2) from /var/lib/stickshift/5332e7865004460ac2000076/app-root/data/lib/ruby/gems/specifications/coffee-rails-3.2.2.gemspec
I, [2014-03-27T19:57:48.425963 #486504]  INFO -- : 0:  jquery-rails (2.0.2) from /var/lib/stickshift/5332e7865004460ac2000076/app-root/data/lib/ruby/gems/specifications/jquery-rails-2.0.2.gemspec
I, [2014-03-27T19:57:49.528910 #486504]  INFO -- : 0:  rails (3.2.14) from /var/lib/stickshift/5332e7865004460ac2000076/app-root/data/lib/ruby/gems/specifications/rails-3.2.14.gemspec
I, [2014-03-27T19:57:49.530056 #486504]  INFO -- : 0:  sass (3.3.4) from /var/lib/stickshift/5332e7865004460ac2000076/app-root/data/lib/ruby/gems/specifications/sass-3.3.4.gemspec
I, [2014-03-27T19:57:59.527849 #486504]  INFO -- : 0:  sass-rails (3.2.5) from /var/lib/stickshift/5332e7865004460ac2000076/app-root/data/lib/ruby/gems/specifications/sass-rails-3.2.5.gemspec
I, [2014-03-27T19:58:15.955505 #486504]  INFO -- : 0:  sqlite3 (1.3.5) from /var/lib/stickshift/5332e7865004460ac2000076/app-root/data/lib/ruby/gems/specifications/sqlite3-1.3.5.gemspec
I, [2014-03-27T19:58:17.541949 #486504]  INFO -- : 0:  uglifier (1.2.3) from /var/lib/stickshift/5332e7865004460ac2000076/app-root/data/lib/ruby/gems/specifications/uglifier-1.2.3.gemspec
I, [2014-03-27T19:59:24.527449 #489647]  INFO -- : 0:  rake (10.2.2) from /var/lib/stickshift/5332e7865004460ac2000076/app-root/data/lib/ruby/gems/specifications/rake-10.2.2.gemspec
I, [2014-03-27T19:59:24.603753 #489647]  INFO -- : 0:  i18n (0.6.9) from /usr/libexec/openshift/cartridges/c9-0.1/root/lib/ruby/gems/specifications/i18n-0.6.9.gemspec
I, [2014-03-27T19:59:24.604606 #489647]  INFO -- : 0:  multi_json (1.9.2) from /var/lib/stickshift/5332e7865004460ac2000076/app-root/data/lib/ruby/gems/specifications/multi_json-1.9.2.gemspec
I, [2014-03-27T19:59:24.605211 #489647]  INFO -- : 0:  activesupport (3.2.14) from /var/lib/stickshift/5332e7865004460ac2000076/app-root/data/lib/ruby/gems/specifications/activesupport-3.2.14.gemspec
I, [2014-03-27T19:59:24.607237 #489647]  INFO -- : 0:  builder (3.0.4) from /var/lib/stickshift/5332e7865004460ac2000076/app-root/data/lib/ruby/gems/specifications/builder-3.0.4.gemspec
I, [2014-03-27T19:59:24.607909 #489647]  INFO -- : 0:  activemodel (3.2.14) from /var/lib/stickshift/5332e7865004460ac2000076/app-root/data/lib/ruby/gems/specifications/activemodel-3.2.14.gemspec
I, [2014-03-27T19:59:24.608809 #489647]  INFO -- : 0:  erubis (2.7.0) from /usr/libexec/openshift/cartridges/c9-0.1/root/lib/ruby/gems/specifications/erubis-2.7.0.gemspec
I, [2014-03-27T19:59:24.609582 #489647]  INFO -- : 0:  journey (1.0.4) from /var/lib/stickshift/5332e7865004460ac2000076/app-root/data/lib/ruby/gems/specifications/journey-1.0.4.gemspec
I, [2014-03-27T19:59:24.610161 #489647]  INFO -- : 0:  rack (1.4.5) from /var/lib/stickshift/5332e7865004460ac2000076/app-root/data/lib/ruby/gems/specifications/rack-1.4.5.gemspec
I, [2014-03-27T19:59:24.611049 #489647]  INFO -- : 0:  rack-cache (1.2) from /var/lib/stickshift/5332e7865004460ac2000076/app-root/data/lib/ruby/gems/specifications/rack-cache-1.2.gemspec
I, [2014-03-27T19:59:24.611689 #489647]  INFO -- : 0:  rack-test (0.6.2) from /usr/libexec/openshift/cartridges/c9-0.1/root/lib/ruby/gems/specifications/rack-test-0.6.2.gemspec
I, [2014-03-27T19:59:24.612278 #489647]  INFO -- : 0:  hike (1.2.3) from /usr/libexec/openshift/cartridges/c9-0.1/root/lib/ruby/gems/specifications/hike-1.2.3.gemspec
I, [2014-03-27T19:59:24.613081 #489647]  INFO -- : 0:  tilt (1.4.1) from /usr/libexec/openshift/cartridges/c9-0.1/root/lib/ruby/gems/specifications/tilt-1.4.1.gemspec
I, [2014-03-27T19:59:24.635455 #489647]  INFO -- : 0:  sprockets (2.2.2) from /var/lib/stickshift/5332e7865004460ac2000076/app-root/data/lib/ruby/gems/specifications/sprockets-2.2.2.gemspec
I, [2014-03-27T19:59:24.639514 #489647]  INFO -- : 0:  actionpack (3.2.14) from /var/lib/stickshift/5332e7865004460ac2000076/app-root/data/lib/ruby/gems/specifications/actionpack-3.2.14.gemspec
I, [2014-03-27T19:59:24.640297 #489647]  INFO -- : 0:  mime-types (1.25.1) from /usr/libexec/openshift/cartridges/c9-0.1/root/lib/ruby/gems/specifications/mime-types-1.25.1.gemspec
I, [2014-03-27T19:59:24.641024 #489647]  INFO -- : 0:  polyglot (0.3.4) from /var/lib/stickshift/5332e7865004460ac2000076/app-root/data/lib/ruby/gems/specifications/polyglot-0.3.4.gemspec
I, [2014-03-27T19:59:24.641615 #489647]  INFO -- : 0:  treetop (1.4.15) from /usr/libexec/openshift/cartridges/c9-0.1/root/lib/ruby/gems/specifications/treetop-1.4.15.gemspec
I, [2014-03-27T19:59:24.642336 #489647]  INFO -- : 0:  mail (2.5.4) from /usr/libexec/openshift/cartridges/c9-0.1/root/lib/ruby/gems/specifications/mail-2.5.4.gemspec
I, [2014-03-27T19:59:24.643044 #489647]  INFO -- : 0:  actionmailer (3.2.14) from /var/lib/stickshift/5332e7865004460ac2000076/app-root/data/lib/ruby/gems/specifications/actionmailer-3.2.14.gemspec
I, [2014-03-27T19:59:24.643612 #489647]  INFO -- : 0:  arel (3.0.3) from /var/lib/stickshift/5332e7865004460ac2000076/app-root/data/lib/ruby/gems/specifications/arel-3.0.3.gemspec
I, [2014-03-27T19:59:24.644269 #489647]  INFO -- : 0:  tzinfo (0.3.39) from /var/lib/stickshift/5332e7865004460ac2000076/app-root/data/lib/ruby/gems/specifications/tzinfo-0.3.39.gemspec
I, [2014-03-27T19:59:24.644950 #489647]  INFO -- : 0:  activerecord (3.2.14) from /var/lib/stickshift/5332e7865004460ac2000076/app-root/data/lib/ruby/gems/specifications/activerecord-3.2.14.gemspec
I, [2014-03-27T19:59:24.645544 #489647]  INFO -- : 0:  activeresource (3.2.14) from /var/lib/stickshift/5332e7865004460ac2000076/app-root/data/lib/ruby/gems/specifications/activeresource-3.2.14.gemspec
I, [2014-03-27T19:59:24.646260 #489647]  INFO -- : 0:  coffee-script-source (1.7.0) from /var/lib/stickshift/5332e7865004460ac2000076/app-root/data/lib/ruby/gems/specifications/coffee-script-source-1.7.0.gemspec
I, [2014-03-27T19:59:24.646956 #489647]  INFO -- : 0:  execjs (2.0.2) from /usr/libexec/openshift/cartridges/c9-0.1/root/lib/ruby/gems/specifications/execjs-2.0.2.gemspec
I, [2014-03-27T19:59:24.647535 #489647]  INFO -- : 0:  coffee-script (2.2.0) from /usr/libexec/openshift/cartridges/c9-0.1/root/lib/ruby/gems/specifications/coffee-script-2.2.0.gemspec
I, [2014-03-27T19:59:24.648241 #489647]  INFO -- : 0:  rack-ssl (1.3.4) from /var/lib/stickshift/5332e7865004460ac2000076/app-root/data/lib/ruby/gems/specifications/rack-ssl-1.3.4.gemspec
I, [2014-03-27T19:59:24.648938 #489647]  INFO -- : 0:  json (1.8.1) from /usr/libexec/openshift/cartridges/c9-0.1/root/lib/ruby/gems/specifications/json-1.8.1.gemspec
I, [2014-03-27T19:59:24.649512 #489647]  INFO -- : 0:  rdoc (3.12.2) from /var/lib/stickshift/5332e7865004460ac2000076/app-root/data/lib/ruby/gems/specifications/rdoc-3.12.2.gemspec
I, [2014-03-27T19:59:24.650183 #489647]  INFO -- : 0:  thor (0.19.1) from /var/lib/stickshift/5332e7865004460ac2000076/app-root/data/lib/ruby/gems/specifications/thor-0.19.1.gemspec
I, [2014-03-27T19:59:24.650864 #489647]  INFO -- : 0:  railties (3.2.14) from /var/lib/stickshift/5332e7865004460ac2000076/app-root/data/lib/ruby/gems/specifications/railties-3.2.14.gemspec
I, [2014-03-27T19:59:24.651466 #489647]  INFO -- : 0:  coffee-rails (3.2.2) from /var/lib/stickshift/5332e7865004460ac2000076/app-root/data/lib/ruby/gems/specifications/coffee-rails-3.2.2.gemspec
I, [2014-03-27T19:59:24.652171 #489647]  INFO -- : 0:  jquery-rails (2.0.2) from /var/lib/stickshift/5332e7865004460ac2000076/app-root/data/lib/ruby/gems/specifications/jquery-rails-2.0.2.gemspec
I, [2014-03-27T19:59:24.652837 #489647]  INFO -- : 0:  bundler (1.5.1) from /usr/libexec/openshift/cartridges/c9-0.1/root/lib/ruby/gems/specifications/bundler-1.5.1.gemspec
I, [2014-03-27T19:59:24.653422 #489647]  INFO -- : 0:  rails (3.2.14) from /var/lib/stickshift/5332e7865004460ac2000076/app-root/data/lib/ruby/gems/specifications/rails-3.2.14.gemspec
I, [2014-03-27T19:59:24.709321 #489647]  INFO -- : 0:  sass (3.3.4) from /var/lib/stickshift/5332e7865004460ac2000076/app-root/data/lib/ruby/gems/specifications/sass-3.3.4.gemspec
I, [2014-03-27T19:59:24.710119 #489647]  INFO -- : 0:  sass-rails (3.2.5) from /var/lib/stickshift/5332e7865004460ac2000076/app-root/data/lib/ruby/gems/specifications/sass-rails-3.2.5.gemspec
I, [2014-03-27T19:59:24.710946 #489647]  INFO -- : 0:  sqlite3 (1.3.5) from /var/lib/stickshift/5332e7865004460ac2000076/app-root/data/lib/ruby/gems/specifications/sqlite3-1.3.5.gemspec
I, [2014-03-27T19:59:24.711591 #489647]  INFO -- : 0:  uglifier (1.2.3) from /var/lib/stickshift/5332e7865004460ac2000076/app-root/data/lib/ruby/gems/specifications/uglifier-1.2.3.gemspec
I, [2014-03-27T20:11:15.526811 #505223]  INFO -- : 0:  rake (10.2.2) from /var/lib/stickshift/5332e7865004460ac2000076/app-root/data/lib/ruby/gems/specifications/rake-10.2.2.gemspec
I, [2014-03-27T20:11:15.530123 #505223]  INFO -- : 0:  i18n (0.6.9) from /usr/libexec/openshift/cartridges/c9-0.1/root/lib/ruby/gems/specifications/i18n-0.6.9.gemspec
I, [2014-03-27T20:11:15.533229 #505223]  INFO -- : 0:  minitest (4.7.5) from /usr/libexec/openshift/cartridges/c9-0.1/root/lib/ruby/gems/specifications/minitest-4.7.5.gemspec
I, [2014-03-27T20:11:15.534375 #505223]  INFO -- : 0:  multi_json (1.9.2) from /var/lib/stickshift/5332e7865004460ac2000076/app-root/data/lib/ruby/gems/specifications/multi_json-1.9.2.gemspec
I, [2014-03-27T20:11:15.535326 #505223]  INFO -- : 0:  atomic (1.1.16) from /var/lib/stickshift/5332e7865004460ac2000076/app-root/data/lib/ruby/gems/specifications/atomic-1.1.16.gemspec
I, [2014-03-27T20:11:15.538465 #505223]  INFO -- : 0:  thread_safe (0.3.1) from /var/lib/stickshift/5332e7865004460ac2000076/app-root/data/lib/ruby/gems/specifications/thread_safe-0.3.1.gemspec
I, [2014-03-27T20:11:15.542107 #505223]  INFO -- : 0:  tzinfo (0.3.39) from /var/lib/stickshift/5332e7865004460ac2000076/app-root/data/lib/ruby/gems/specifications/tzinfo-0.3.39.gemspec
I, [2014-03-27T20:11:15.546971 #505223]  INFO -- : 0:  activesupport (4.0.2) from /var/lib/stickshift/5332e7865004460ac2000076/app-root/data/lib/ruby/gems/specifications/activesupport-4.0.2.gemspec
I, [2014-03-27T20:11:15.548329 #505223]  INFO -- : 0:  builder (3.1.4) from /usr/libexec/openshift/cartridges/c9-0.1/root/lib/ruby/gems/specifications/builder-3.1.4.gemspec
I, [2014-03-27T20:11:15.554756 #505223]  INFO -- : 0:  erubis (2.7.0) from /usr/libexec/openshift/cartridges/c9-0.1/root/lib/ruby/gems/specifications/erubis-2.7.0.gemspec
I, [2014-03-27T20:11:15.556099 #505223]  INFO -- : 0:  rack (1.5.2) from /usr/libexec/openshift/cartridges/c9-0.1/root/lib/ruby/gems/specifications/rack-1.5.2.gemspec
I, [2014-03-27T20:11:15.601712 #505223]  INFO -- : 0:  rack-test (0.6.2) from /usr/libexec/openshift/cartridges/c9-0.1/root/lib/ruby/gems/specifications/rack-test-0.6.2.gemspec
I, [2014-03-27T20:11:15.606654 #505223]  INFO -- : 0:  actionpack (4.0.2) from /var/lib/stickshift/5332e7865004460ac2000076/app-root/data/lib/ruby/gems/specifications/actionpack-4.0.2.gemspec
I, [2014-03-27T20:11:15.607784 #505223]  INFO -- : 0:  mime-types (1.25.1) from /usr/libexec/openshift/cartridges/c9-0.1/root/lib/ruby/gems/specifications/mime-types-1.25.1.gemspec
I, [2014-03-27T20:11:15.608562 #505223]  INFO -- : 0:  polyglot (0.3.4) from /var/lib/stickshift/5332e7865004460ac2000076/app-root/data/lib/ruby/gems/specifications/polyglot-0.3.4.gemspec
I, [2014-03-27T20:11:15.611808 #505223]  INFO -- : 0:  treetop (1.4.15) from /usr/libexec/openshift/cartridges/c9-0.1/root/lib/ruby/gems/specifications/treetop-1.4.15.gemspec
I, [2014-03-27T20:11:15.612595 #505223]  INFO -- : 0:  mail (2.5.4) from /usr/libexec/openshift/cartridges/c9-0.1/root/lib/ruby/gems/specifications/mail-2.5.4.gemspec
I, [2014-03-27T20:11:15.617720 #505223]  INFO -- : 0:  actionmailer (4.0.2) from /var/lib/stickshift/5332e7865004460ac2000076/app-root/data/lib/ruby/gems/specifications/actionmailer-4.0.2.gemspec
I, [2014-03-27T20:11:15.618532 #505223]  INFO -- : 0:  activemodel (4.0.2) from /var/lib/stickshift/5332e7865004460ac2000076/app-root/data/lib/ruby/gems/specifications/activemodel-4.0.2.gemspec
I, [2014-03-27T20:11:15.619420 #505223]  INFO -- : 0:  activerecord-deprecated_finders (1.0.3) from /usr/libexec/openshift/cartridges/c9-0.1/root/lib/ruby/gems/specifications/activerecord-deprecated_finders-1.0.3.gemspec
I, [2014-03-27T20:11:15.623410 #505223]  INFO -- : 0:  arel (4.0.2) from /var/lib/stickshift/5332e7865004460ac2000076/app-root/data/lib/ruby/gems/specifications/arel-4.0.2.gemspec
I, [2014-03-27T20:11:15.628044 #505223]  INFO -- : 0:  activerecord (4.0.2) from /var/lib/stickshift/5332e7865004460ac2000076/app-root/data/lib/ruby/gems/specifications/activerecord-4.0.2.gemspec
I, [2014-03-27T20:11:15.629032 #505223]  INFO -- : 0:  bundler (1.5.1) from /usr/libexec/openshift/cartridges/c9-0.1/root/lib/ruby/gems/specifications/bundler-1.5.1.gemspec
I, [2014-03-27T20:11:15.633061 #505223]  INFO -- : 0:  coffee-script-source (1.7.0) from /var/lib/stickshift/5332e7865004460ac2000076/app-root/data/lib/ruby/gems/specifications/coffee-script-source-1.7.0.gemspec
I, [2014-03-27T20:11:15.634129 #505223]  INFO -- : 0:  execjs (2.0.2) from /usr/libexec/openshift/cartridges/c9-0.1/root/lib/ruby/gems/specifications/execjs-2.0.2.gemspec
I, [2014-03-27T20:11:15.640744 #505223]  INFO -- : 0:  coffee-script (2.2.0) from /usr/libexec/openshift/cartridges/c9-0.1/root/lib/ruby/gems/specifications/coffee-script-2.2.0.gemspec
I, [2014-03-27T20:11:15.643133 #505223]  INFO -- : 0:  thor (0.19.1) from /var/lib/stickshift/5332e7865004460ac2000076/app-root/data/lib/ruby/gems/specifications/thor-0.19.1.gemspec
I, [2014-03-27T20:11:15.644173 #505223]  INFO -- : 0:  railties (4.0.2) from /var/lib/stickshift/5332e7865004460ac2000076/app-root/data/lib/ruby/gems/specifications/railties-4.0.2.gemspec
I, [2014-03-27T20:11:15.645598 #505223]  INFO -- : 0:  coffee-rails (4.0.1) from /usr/libexec/openshift/cartridges/c9-0.1/root/lib/ruby/gems/specifications/coffee-rails-4.0.1.gemspec
I, [2014-03-27T20:11:15.646502 #505223]  INFO -- : 0:  hike (1.2.3) from /usr/libexec/openshift/cartridges/c9-0.1/root/lib/ruby/gems/specifications/hike-1.2.3.gemspec
I, [2014-03-27T20:11:15.647469 #505223]  INFO -- : 0:  jbuilder (1.0.2) from /var/lib/stickshift/5332e7865004460ac2000076/app-root/data/lib/ruby/gems/specifications/jbuilder-1.0.2.gemspec
I, [2014-03-27T20:11:15.648391 #505223]  INFO -- : 0:  jquery-rails (3.0.4) from /usr/libexec/openshift/cartridges/c9-0.1/root/lib/ruby/gems/specifications/jquery-rails-3.0.4.gemspec
I, [2014-03-27T20:11:15.649264 #505223]  INFO -- : 0:  json (1.8.1) from /usr/libexec/openshift/cartridges/c9-0.1/root/lib/ruby/gems/specifications/json-1.8.1.gemspec
I, [2014-03-27T20:11:15.650175 #505223]  INFO -- : 0:  tilt (1.4.1) from /usr/libexec/openshift/cartridges/c9-0.1/root/lib/ruby/gems/specifications/tilt-1.4.1.gemspec
I, [2014-03-27T20:11:15.652555 #505223]  INFO -- : 0:  sprockets (2.12.0) from /var/lib/stickshift/5332e7865004460ac2000076/app-root/data/lib/ruby/gems/specifications/sprockets-2.12.0.gemspec
I, [2014-03-27T20:11:15.653490 #505223]  INFO -- : 0:  sprockets-rails (2.0.1) from /usr/libexec/openshift/cartridges/c9-0.1/root/lib/ruby/gems/specifications/sprockets-rails-2.0.1.gemspec
I, [2014-03-27T20:11:15.654465 #505223]  INFO -- : 0:  rails (4.0.2) from /var/lib/stickshift/5332e7865004460ac2000076/app-root/data/lib/ruby/gems/specifications/rails-4.0.2.gemspec
I, [2014-03-27T20:11:15.701724 #505223]  INFO -- : 0:  rdoc (3.12.2) from /var/lib/stickshift/5332e7865004460ac2000076/app-root/data/lib/ruby/gems/specifications/rdoc-3.12.2.gemspec
I, [2014-03-27T20:11:15.702750 #505223]  INFO -- : 0:  sass (3.3.4) from /var/lib/stickshift/5332e7865004460ac2000076/app-root/data/lib/ruby/gems/specifications/sass-3.3.4.gemspec
I, [2014-03-27T20:11:15.703701 #505223]  INFO -- : 0:  sass-rails (4.0.1) from /usr/libexec/openshift/cartridges/c9-0.1/root/lib/ruby/gems/specifications/sass-rails-4.0.1.gemspec
I, [2014-03-27T20:11:15.704579 #505223]  INFO -- : 0:  sdoc (0.3.20) from /var/lib/stickshift/5332e7865004460ac2000076/app-root/data/lib/ruby/gems/specifications/sdoc-0.3.20.gemspec
I, [2014-03-27T20:11:15.706360 #505223]  INFO -- : 0:  sqlite3 (1.3.8) from /usr/libexec/openshift/cartridges/c9-0.1/root/lib/ruby/gems/specifications/sqlite3-1.3.8.gemspec
I, [2014-03-27T20:11:15.707519 #505223]  INFO -- : 0:  turbolinks (1.1.1) from /var/lib/stickshift/5332e7865004460ac2000076/app-root/data/lib/ruby/gems/specifications/turbolinks-1.1.1.gemspec
I, [2014-03-27T20:11:15.708433 #505223]  INFO -- : 0:  uglifier (2.1.1) from /var/lib/stickshift/5332e7865004460ac2000076/app-root/data/lib/ruby/gems/specifications/uglifier-2.1.1.gemspec
I, [2014-03-27T20:12:13.830922 #506554]  INFO -- : 0:  rake (10.2.2) from /var/lib/stickshift/5332e7865004460ac2000076/app-root/data/lib/ruby/gems/specifications/rake-10.2.2.gemspec
I, [2014-03-27T20:12:13.832380 #506554]  INFO -- : 0:  i18n (0.6.9) from /usr/libexec/openshift/cartridges/c9-0.1/root/lib/ruby/gems/specifications/i18n-0.6.9.gemspec
I, [2014-03-27T20:12:13.902128 #506554]  INFO -- : 0:  minitest (4.7.5) from /usr/libexec/openshift/cartridges/c9-0.1/root/lib/ruby/gems/specifications/minitest-4.7.5.gemspec
I, [2014-03-27T20:12:13.903245 #506554]  INFO -- : 0:  multi_json (1.9.2) from /var/lib/stickshift/5332e7865004460ac2000076/app-root/data/lib/ruby/gems/specifications/multi_json-1.9.2.gemspec
I, [2014-03-27T20:12:13.904225 #506554]  INFO -- : 0:  atomic (1.1.16) from /var/lib/stickshift/5332e7865004460ac2000076/app-root/data/lib/ruby/gems/specifications/atomic-1.1.16.gemspec
I, [2014-03-27T20:12:13.905296 #506554]  INFO -- : 0:  thread_safe (0.3.1) from /var/lib/stickshift/5332e7865004460ac2000076/app-root/data/lib/ruby/gems/specifications/thread_safe-0.3.1.gemspec
I, [2014-03-27T20:12:13.907530 #506554]  INFO -- : 0:  tzinfo (0.3.39) from /var/lib/stickshift/5332e7865004460ac2000076/app-root/data/lib/ruby/gems/specifications/tzinfo-0.3.39.gemspec
I, [2014-03-27T20:12:13.908265 #506554]  INFO -- : 0:  activesupport (4.0.2) from /var/lib/stickshift/5332e7865004460ac2000076/app-root/data/lib/ruby/gems/specifications/activesupport-4.0.2.gemspec
I, [2014-03-27T20:12:13.908910 #506554]  INFO -- : 0:  builder (3.1.4) from /usr/libexec/openshift/cartridges/c9-0.1/root/lib/ruby/gems/specifications/builder-3.1.4.gemspec
I, [2014-03-27T20:12:13.909496 #506554]  INFO -- : 0:  erubis (2.7.0) from /usr/libexec/openshift/cartridges/c9-0.1/root/lib/ruby/gems/specifications/erubis-2.7.0.gemspec
I, [2014-03-27T20:12:13.910131 #506554]  INFO -- : 0:  rack (1.5.2) from /usr/libexec/openshift/cartridges/c9-0.1/root/lib/ruby/gems/specifications/rack-1.5.2.gemspec
I, [2014-03-27T20:12:13.911335 #506554]  INFO -- : 0:  rack-test (0.6.2) from /usr/libexec/openshift/cartridges/c9-0.1/root/lib/ruby/gems/specifications/rack-test-0.6.2.gemspec
I, [2014-03-27T20:12:13.914405 #506554]  INFO -- : 0:  actionpack (4.0.2) from /var/lib/stickshift/5332e7865004460ac2000076/app-root/data/lib/ruby/gems/specifications/actionpack-4.0.2.gemspec
I, [2014-03-27T20:12:13.915523 #506554]  INFO -- : 0:  mime-types (1.25.1) from /usr/libexec/openshift/cartridges/c9-0.1/root/lib/ruby/gems/specifications/mime-types-1.25.1.gemspec
I, [2014-03-27T20:12:13.917043 #506554]  INFO -- : 0:  polyglot (0.3.4) from /var/lib/stickshift/5332e7865004460ac2000076/app-root/data/lib/ruby/gems/specifications/polyglot-0.3.4.gemspec
I, [2014-03-27T20:12:13.918066 #506554]  INFO -- : 0:  treetop (1.4.15) from /usr/libexec/openshift/cartridges/c9-0.1/root/lib/ruby/gems/specifications/treetop-1.4.15.gemspec
I, [2014-03-27T20:12:13.918951 #506554]  INFO -- : 0:  mail (2.5.4) from /usr/libexec/openshift/cartridges/c9-0.1/root/lib/ruby/gems/specifications/mail-2.5.4.gemspec
I, [2014-03-27T20:12:13.922837 #506554]  INFO -- : 0:  actionmailer (4.0.2) from /var/lib/stickshift/5332e7865004460ac2000076/app-root/data/lib/ruby/gems/specifications/actionmailer-4.0.2.gemspec
I, [2014-03-27T20:12:13.924045 #506554]  INFO -- : 0:  activemodel (4.0.2) from /var/lib/stickshift/5332e7865004460ac2000076/app-root/data/lib/ruby/gems/specifications/activemodel-4.0.2.gemspec
I, [2014-03-27T20:12:13.924973 #506554]  INFO -- : 0:  activerecord-deprecated_finders (1.0.3) from /usr/libexec/openshift/cartridges/c9-0.1/root/lib/ruby/gems/specifications/activerecord-deprecated_finders-1.0.3.gemspec
I, [2014-03-27T20:12:13.925868 #506554]  INFO -- : 0:  arel (4.0.2) from /var/lib/stickshift/5332e7865004460ac2000076/app-root/data/lib/ruby/gems/specifications/arel-4.0.2.gemspec
I, [2014-03-27T20:12:13.926762 #506554]  INFO -- : 0:  activerecord (4.0.2) from /var/lib/stickshift/5332e7865004460ac2000076/app-root/data/lib/ruby/gems/specifications/activerecord-4.0.2.gemspec
I, [2014-03-27T20:12:13.927617 #506554]  INFO -- : 0:  coffee-script-source (1.7.0) from /var/lib/stickshift/5332e7865004460ac2000076/app-root/data/lib/ruby/gems/specifications/coffee-script-source-1.7.0.gemspec
I, [2014-03-27T20:12:13.930831 #506554]  INFO -- : 0:  execjs (2.0.2) from /usr/libexec/openshift/cartridges/c9-0.1/root/lib/ruby/gems/specifications/execjs-2.0.2.gemspec
I, [2014-03-27T20:12:13.931748 #506554]  INFO -- : 0:  coffee-script (2.2.0) from /usr/libexec/openshift/cartridges/c9-0.1/root/lib/ruby/gems/specifications/coffee-script-2.2.0.gemspec
I, [2014-03-27T20:12:13.932605 #506554]  INFO -- : 0:  thor (0.19.1) from /var/lib/stickshift/5332e7865004460ac2000076/app-root/data/lib/ruby/gems/specifications/thor-0.19.1.gemspec
I, [2014-03-27T20:12:13.933563 #506554]  INFO -- : 0:  railties (4.0.2) from /var/lib/stickshift/5332e7865004460ac2000076/app-root/data/lib/ruby/gems/specifications/railties-4.0.2.gemspec
I, [2014-03-27T20:12:13.934540 #506554]  INFO -- : 0:  coffee-rails (4.0.1) from /usr/libexec/openshift/cartridges/c9-0.1/root/lib/ruby/gems/specifications/coffee-rails-4.0.1.gemspec
I, [2014-03-27T20:12:13.935581 #506554]  INFO -- : 0:  hike (1.2.3) from /usr/libexec/openshift/cartridges/c9-0.1/root/lib/ruby/gems/specifications/hike-1.2.3.gemspec
I, [2014-03-27T20:12:14.001411 #506554]  INFO -- : 0:  jbuilder (1.0.2) from /var/lib/stickshift/5332e7865004460ac2000076/app-root/data/lib/ruby/gems/specifications/jbuilder-1.0.2.gemspec
I, [2014-03-27T20:12:14.002104 #506554]  INFO -- : 0:  jquery-rails (3.0.4) from /usr/libexec/openshift/cartridges/c9-0.1/root/lib/ruby/gems/specifications/jquery-rails-3.0.4.gemspec
I, [2014-03-27T20:12:14.002724 #506554]  INFO -- : 0:  json (1.8.1) from /usr/libexec/openshift/cartridges/c9-0.1/root/lib/ruby/gems/specifications/json-1.8.1.gemspec
I, [2014-03-27T20:12:14.003283 #506554]  INFO -- : 0:  bundler (1.5.1) from /usr/libexec/openshift/cartridges/c9-0.1/root/lib/ruby/gems/specifications/bundler-1.5.1.gemspec
I, [2014-03-27T20:12:14.004189 #506554]  INFO -- : 0:  tilt (1.4.1) from /usr/libexec/openshift/cartridges/c9-0.1/root/lib/ruby/gems/specifications/tilt-1.4.1.gemspec
I, [2014-03-27T20:12:14.007344 #506554]  INFO -- : 0:  sprockets (2.12.0) from /var/lib/stickshift/5332e7865004460ac2000076/app-root/data/lib/ruby/gems/specifications/sprockets-2.12.0.gemspec
I, [2014-03-27T20:12:14.014708 #506554]  INFO -- : 0:  sprockets-rails (2.0.1) from /usr/libexec/openshift/cartridges/c9-0.1/root/lib/ruby/gems/specifications/sprockets-rails-2.0.1.gemspec
I, [2014-03-27T20:12:14.015416 #506554]  INFO -- : 0:  rails (4.0.2) from /var/lib/stickshift/5332e7865004460ac2000076/app-root/data/lib/ruby/gems/specifications/rails-4.0.2.gemspec
I, [2014-03-27T20:12:14.020086 #506554]  INFO -- : 0:  rdoc (3.12.2) from /var/lib/stickshift/5332e7865004460ac2000076/app-root/data/lib/ruby/gems/specifications/rdoc-3.12.2.gemspec
I, [2014-03-27T20:12:14.021195 #506554]  INFO -- : 0:  sass (3.3.4) from /var/lib/stickshift/5332e7865004460ac2000076/app-root/data/lib/ruby/gems/specifications/sass-3.3.4.gemspec
I, [2014-03-27T20:12:14.022190 #506554]  INFO -- : 0:  sass-rails (4.0.1) from /usr/libexec/openshift/cartridges/c9-0.1/root/lib/ruby/gems/specifications/sass-rails-4.0.1.gemspec
I, [2014-03-27T20:12:14.024045 #506554]  INFO -- : 0:  sdoc (0.3.20) from /var/lib/stickshift/5332e7865004460ac2000076/app-root/data/lib/ruby/gems/specifications/sdoc-0.3.20.gemspec
I, [2014-03-27T20:12:14.028354 #506554]  INFO -- : 0:  sqlite3 (1.3.8) from /usr/libexec/openshift/cartridges/c9-0.1/root/lib/ruby/gems/specifications/sqlite3-1.3.8.gemspec
I, [2014-03-27T20:12:14.029493 #506554]  INFO -- : 0:  turbolinks (1.1.1) from /var/lib/stickshift/5332e7865004460ac2000076/app-root/data/lib/ruby/gems/specifications/turbolinks-1.1.1.gemspec
I, [2014-03-27T20:12:14.030393 #506554]  INFO -- : 0:  uglifier (2.1.1) from /var/lib/stickshift/5332e7865004460ac2000076/app-root/data/lib/ruby/gems/specifications/uglifier-2.1.1.gemspec
I, [2014-03-27T22:30:23.922546 #224718]  INFO -- : 0:  rake (10.2.2) from /var/lib/stickshift/5332e7865004460ac2000076/app-root/data/lib/ruby/gems/specifications/rake-10.2.2.gemspec
I, [2014-03-27T22:30:23.923988 #224718]  INFO -- : 0:  i18n (0.6.9) from /usr/libexec/openshift/cartridges/c9-0.1/root/lib/ruby/gems/specifications/i18n-0.6.9.gemspec
I, [2014-03-27T22:30:23.924809 #224718]  INFO -- : 0:  minitest (4.7.5) from /usr/libexec/openshift/cartridges/c9-0.1/root/lib/ruby/gems/specifications/minitest-4.7.5.gemspec
I, [2014-03-27T22:30:23.925637 #224718]  INFO -- : 0:  multi_json (1.9.2) from /var/lib/stickshift/5332e7865004460ac2000076/app-root/data/lib/ruby/gems/specifications/multi_json-1.9.2.gemspec
I, [2014-03-27T22:30:23.926441 #224718]  INFO -- : 0:  atomic (1.1.16) from /var/lib/stickshift/5332e7865004460ac2000076/app-root/data/lib/ruby/gems/specifications/atomic-1.1.16.gemspec
I, [2014-03-27T22:30:23.930247 #224718]  INFO -- : 0:  thread_safe (0.3.1) from /var/lib/stickshift/5332e7865004460ac2000076/app-root/data/lib/ruby/gems/specifications/thread_safe-0.3.1.gemspec
I, [2014-03-27T22:30:23.931123 #224718]  INFO -- : 0:  tzinfo (0.3.39) from /var/lib/stickshift/5332e7865004460ac2000076/app-root/data/lib/ruby/gems/specifications/tzinfo-0.3.39.gemspec
I, [2014-03-27T22:30:23.931963 #224718]  INFO -- : 0:  activesupport (4.0.2) from /var/lib/stickshift/5332e7865004460ac2000076/app-root/data/lib/ruby/gems/specifications/activesupport-4.0.2.gemspec
I, [2014-03-27T22:30:23.932778 #224718]  INFO -- : 0:  builder (3.1.4) from /usr/libexec/openshift/cartridges/c9-0.1/root/lib/ruby/gems/specifications/builder-3.1.4.gemspec
I, [2014-03-27T22:30:23.933596 #224718]  INFO -- : 0:  erubis (2.7.0) from /usr/libexec/openshift/cartridges/c9-0.1/root/lib/ruby/gems/specifications/erubis-2.7.0.gemspec
I, [2014-03-27T22:30:23.934378 #224718]  INFO -- : 0:  rack (1.5.2) from /usr/libexec/openshift/cartridges/c9-0.1/root/lib/ruby/gems/specifications/rack-1.5.2.gemspec
I, [2014-03-27T22:30:23.937948 #224718]  INFO -- : 0:  rack-test (0.6.2) from /usr/libexec/openshift/cartridges/c9-0.1/root/lib/ruby/gems/specifications/rack-test-0.6.2.gemspec
I, [2014-03-27T22:30:23.938811 #224718]  INFO -- : 0:  actionpack (4.0.2) from /var/lib/stickshift/5332e7865004460ac2000076/app-root/data/lib/ruby/gems/specifications/actionpack-4.0.2.gemspec
I, [2014-03-27T22:30:23.939592 #224718]  INFO -- : 0:  mime-types (1.25.1) from /usr/libexec/openshift/cartridges/c9-0.1/root/lib/ruby/gems/specifications/mime-types-1.25.1.gemspec
I, [2014-03-27T22:30:23.949926 #224718]  INFO -- : 0:  polyglot (0.3.4) from /var/lib/stickshift/5332e7865004460ac2000076/app-root/data/lib/ruby/gems/specifications/polyglot-0.3.4.gemspec
I, [2014-03-27T22:30:23.951130 #224718]  INFO -- : 0:  treetop (1.4.15) from /usr/libexec/openshift/cartridges/c9-0.1/root/lib/ruby/gems/specifications/treetop-1.4.15.gemspec
I, [2014-03-27T22:30:23.957643 #224718]  INFO -- : 0:  mail (2.5.4) from /usr/libexec/openshift/cartridges/c9-0.1/root/lib/ruby/gems/specifications/mail-2.5.4.gemspec
I, [2014-03-27T22:30:24.279260 #224718]  INFO -- : 0:  actionmailer (4.0.2) from /var/lib/stickshift/5332e7865004460ac2000076/app-root/data/lib/ruby/gems/specifications/actionmailer-4.0.2.gemspec
I, [2014-03-27T22:30:24.327279 #224718]  INFO -- : 0:  activemodel (4.0.2) from /var/lib/stickshift/5332e7865004460ac2000076/app-root/data/lib/ruby/gems/specifications/activemodel-4.0.2.gemspec
I, [2014-03-27T22:30:24.336504 #224718]  INFO -- : 0:  activerecord-deprecated_finders (1.0.3) from /usr/libexec/openshift/cartridges/c9-0.1/root/lib/ruby/gems/specifications/activerecord-deprecated_finders-1.0.3.gemspec
I, [2014-03-27T22:30:24.338128 #224718]  INFO -- : 0:  arel (4.0.2) from /var/lib/stickshift/5332e7865004460ac2000076/app-root/data/lib/ruby/gems/specifications/arel-4.0.2.gemspec
I, [2014-03-27T22:30:24.338782 #224718]  INFO -- : 0:  activerecord (4.0.2) from /var/lib/stickshift/5332e7865004460ac2000076/app-root/data/lib/ruby/gems/specifications/activerecord-4.0.2.gemspec
I, [2014-03-27T22:30:24.339325 #224718]  INFO -- : 0:  bundler (1.5.1) from /usr/libexec/openshift/cartridges/c9-0.1/root/lib/ruby/gems/specifications/bundler-1.5.1.gemspec
I, [2014-03-27T22:30:24.339913 #224718]  INFO -- : 0:  coffee-script-source (1.7.0) from /var/lib/stickshift/5332e7865004460ac2000076/app-root/data/lib/ruby/gems/specifications/coffee-script-source-1.7.0.gemspec
I, [2014-03-27T22:30:24.340490 #224718]  INFO -- : 0:  execjs (2.0.2) from /usr/libexec/openshift/cartridges/c9-0.1/root/lib/ruby/gems/specifications/execjs-2.0.2.gemspec
I, [2014-03-27T22:30:24.349736 #224718]  INFO -- : 0:  coffee-script (2.2.0) from /usr/libexec/openshift/cartridges/c9-0.1/root/lib/ruby/gems/specifications/coffee-script-2.2.0.gemspec
I, [2014-03-27T22:30:24.350407 #224718]  INFO -- : 0:  thor (0.19.1) from /var/lib/stickshift/5332e7865004460ac2000076/app-root/data/lib/ruby/gems/specifications/thor-0.19.1.gemspec
I, [2014-03-27T22:30:24.352602 #224718]  INFO -- : 0:  railties (4.0.2) from /var/lib/stickshift/5332e7865004460ac2000076/app-root/data/lib/ruby/gems/specifications/railties-4.0.2.gemspec
I, [2014-03-27T22:30:24.353267 #224718]  INFO -- : 0:  coffee-rails (4.0.1) from /usr/libexec/openshift/cartridges/c9-0.1/root/lib/ruby/gems/specifications/coffee-rails-4.0.1.gemspec
I, [2014-03-27T22:30:24.360066 #224718]  INFO -- : 0:  hike (1.2.3) from /usr/libexec/openshift/cartridges/c9-0.1/root/lib/ruby/gems/specifications/hike-1.2.3.gemspec
I, [2014-03-27T22:30:24.363429 #224718]  INFO -- : 0:  jbuilder (1.0.2) from /var/lib/stickshift/5332e7865004460ac2000076/app-root/data/lib/ruby/gems/specifications/jbuilder-1.0.2.gemspec
I, [2014-03-27T22:30:24.364543 #224718]  INFO -- : 0:  jquery-rails (3.0.4) from /usr/libexec/openshift/cartridges/c9-0.1/root/lib/ruby/gems/specifications/jquery-rails-3.0.4.gemspec
I, [2014-03-27T22:30:24.403854 #224718]  INFO -- : 0:  json (1.8.1) from /usr/libexec/openshift/cartridges/c9-0.1/root/lib/ruby/gems/specifications/json-1.8.1.gemspec
I, [2014-03-27T22:30:24.405654 #224718]  INFO -- : 0:  tilt (1.4.1) from /usr/libexec/openshift/cartridges/c9-0.1/root/lib/ruby/gems/specifications/tilt-1.4.1.gemspec
I, [2014-03-27T22:30:24.406559 #224718]  INFO -- : 0:  sprockets (2.12.0) from /var/lib/stickshift/5332e7865004460ac2000076/app-root/data/lib/ruby/gems/specifications/sprockets-2.12.0.gemspec
I, [2014-03-27T22:30:24.407417 #224718]  INFO -- : 0:  sprockets-rails (2.0.1) from /usr/libexec/openshift/cartridges/c9-0.1/root/lib/ruby/gems/specifications/sprockets-rails-2.0.1.gemspec
I, [2014-03-27T22:30:24.408228 #224718]  INFO -- : 0:  rails (4.0.2) from /var/lib/stickshift/5332e7865004460ac2000076/app-root/data/lib/ruby/gems/specifications/rails-4.0.2.gemspec
I, [2014-03-27T22:30:24.409038 #224718]  INFO -- : 0:  rdoc (3.12.2) from /var/lib/stickshift/5332e7865004460ac2000076/app-root/data/lib/ruby/gems/specifications/rdoc-3.12.2.gemspec
I, [2014-03-27T22:30:24.409875 #224718]  INFO -- : 0:  sass (3.3.4) from /var/lib/stickshift/5332e7865004460ac2000076/app-root/data/lib/ruby/gems/specifications/sass-3.3.4.gemspec
I, [2014-03-27T22:30:24.410703 #224718]  INFO -- : 0:  sass-rails (4.0.1) from /usr/libexec/openshift/cartridges/c9-0.1/root/lib/ruby/gems/specifications/sass-rails-4.0.1.gemspec
I, [2014-03-27T22:30:24.411543 #224718]  INFO -- : 0:  sdoc (0.3.20) from /var/lib/stickshift/5332e7865004460ac2000076/app-root/data/lib/ruby/gems/specifications/sdoc-0.3.20.gemspec
I, [2014-03-27T22:30:24.412334 #224718]  INFO -- : 0:  sqlite3 (1.3.8) from /usr/libexec/openshift/cartridges/c9-0.1/root/lib/ruby/gems/specifications/sqlite3-1.3.8.gemspec
I, [2014-03-27T22:30:24.413149 #224718]  INFO -- : 0:  turbolinks (1.1.1) from /var/lib/stickshift/5332e7865004460ac2000076/app-root/data/lib/ruby/gems/specifications/turbolinks-1.1.1.gemspec
I, [2014-03-27T22:30:24.414009 #224718]  INFO -- : 0:  uglifier (2.1.1) from /var/lib/stickshift/5332e7865004460ac2000076/app-root/data/lib/ruby/gems/specifications/uglifier-2.1.1.gemspec
I, [2014-03-28T00:03:36.216886 #371781]  INFO -- : 0:  rake (10.2.2) from /var/lib/stickshift/5332e7865004460ac2000076/app-root/data/lib/ruby/gems/specifications/rake-10.2.2.gemspec
I, [2014-03-28T00:03:36.218369 #371781]  INFO -- : 0:  i18n (0.6.9) from /usr/libexec/openshift/cartridges/c9-0.1/root/lib/ruby/gems/specifications/i18n-0.6.9.gemspec
I, [2014-03-28T00:03:36.219265 #371781]  INFO -- : 0:  minitest (4.7.5) from /usr/libexec/openshift/cartridges/c9-0.1/root/lib/ruby/gems/specifications/minitest-4.7.5.gemspec
I, [2014-03-28T00:03:36.220142 #371781]  INFO -- : 0:  multi_json (1.9.2) from /var/lib/stickshift/5332e7865004460ac2000076/app-root/data/lib/ruby/gems/specifications/multi_json-1.9.2.gemspec
I, [2014-03-28T00:03:36.221044 #371781]  INFO -- : 0:  atomic (1.1.16) from /var/lib/stickshift/5332e7865004460ac2000076/app-root/data/lib/ruby/gems/specifications/atomic-1.1.16.gemspec
I, [2014-03-28T00:03:36.221937 #371781]  INFO -- : 0:  thread_safe (0.3.1) from /var/lib/stickshift/5332e7865004460ac2000076/app-root/data/lib/ruby/gems/specifications/thread_safe-0.3.1.gemspec
I, [2014-03-28T00:03:36.226993 #371781]  INFO -- : 0:  tzinfo (0.3.39) from /var/lib/stickshift/5332e7865004460ac2000076/app-root/data/lib/ruby/gems/specifications/tzinfo-0.3.39.gemspec
I, [2014-03-28T00:03:36.228040 #371781]  INFO -- : 0:  activesupport (4.0.0) from /usr/libexec/openshift/cartridges/c9-0.1/root/lib/ruby/gems/specifications/activesupport-4.0.0.gemspec
I, [2014-03-28T00:03:36.251032 #371781]  INFO -- : 0:  builder (3.1.4) from /usr/libexec/openshift/cartridges/c9-0.1/root/lib/ruby/gems/specifications/builder-3.1.4.gemspec
I, [2014-03-28T00:03:36.433155 #371781]  INFO -- : 0:  erubis (2.7.0) from /usr/libexec/openshift/cartridges/c9-0.1/root/lib/ruby/gems/specifications/erubis-2.7.0.gemspec
I, [2014-03-28T00:03:36.434106 #371781]  INFO -- : 0:  rack (1.5.2) from /usr/libexec/openshift/cartridges/c9-0.1/root/lib/ruby/gems/specifications/rack-1.5.2.gemspec
I, [2014-03-28T00:03:36.437974 #371781]  INFO -- : 0:  rack-test (0.6.2) from /usr/libexec/openshift/cartridges/c9-0.1/root/lib/ruby/gems/specifications/rack-test-0.6.2.gemspec
I, [2014-03-28T00:03:36.438704 #371781]  INFO -- : 0:  actionpack (4.0.0) from /usr/libexec/openshift/cartridges/c9-0.1/root/lib/ruby/gems/specifications/actionpack-4.0.0.gemspec
I, [2014-03-28T00:03:36.439264 #371781]  INFO -- : 0:  mime-types (1.25.1) from /usr/libexec/openshift/cartridges/c9-0.1/root/lib/ruby/gems/specifications/mime-types-1.25.1.gemspec
I, [2014-03-28T00:03:36.441927 #371781]  INFO -- : 0:  polyglot (0.3.4) from /var/lib/stickshift/5332e7865004460ac2000076/app-root/data/lib/ruby/gems/specifications/polyglot-0.3.4.gemspec
I, [2014-03-28T00:03:36.442632 #371781]  INFO -- : 0:  treetop (1.4.15) from /usr/libexec/openshift/cartridges/c9-0.1/root/lib/ruby/gems/specifications/treetop-1.4.15.gemspec
I, [2014-03-28T00:03:36.443202 #371781]  INFO -- : 0:  mail (2.5.4) from /usr/libexec/openshift/cartridges/c9-0.1/root/lib/ruby/gems/specifications/mail-2.5.4.gemspec
I, [2014-03-28T00:03:36.513919 #371781]  INFO -- : 0:  actionmailer (4.0.0) from /usr/libexec/openshift/cartridges/c9-0.1/root/lib/ruby/gems/specifications/actionmailer-4.0.0.gemspec
I, [2014-03-28T00:03:36.514937 #371781]  INFO -- : 0:  activemodel (4.0.0) from /usr/libexec/openshift/cartridges/c9-0.1/root/lib/ruby/gems/specifications/activemodel-4.0.0.gemspec
I, [2014-03-28T00:03:36.515551 #371781]  INFO -- : 0:  activerecord-deprecated_finders (1.0.3) from /usr/libexec/openshift/cartridges/c9-0.1/root/lib/ruby/gems/specifications/activerecord-deprecated_finders-1.0.3.gemspec
I, [2014-03-28T00:03:36.516182 #371781]  INFO -- : 0:  arel (4.0.2) from /var/lib/stickshift/5332e7865004460ac2000076/app-root/data/lib/ruby/gems/specifications/arel-4.0.2.gemspec
I, [2014-03-28T00:03:36.516804 #371781]  INFO -- : 0:  activerecord (4.0.0) from /usr/libexec/openshift/cartridges/c9-0.1/root/lib/ruby/gems/specifications/activerecord-4.0.0.gemspec
I, [2014-03-28T00:03:36.517855 #371781]  INFO -- : 0:  bundler (1.5.1) from /usr/libexec/openshift/cartridges/c9-0.1/root/lib/ruby/gems/specifications/bundler-1.5.1.gemspec
I, [2014-03-28T00:03:36.518855 #371781]  INFO -- : 0:  coffee-script-source (1.7.0) from /var/lib/stickshift/5332e7865004460ac2000076/app-root/data/lib/ruby/gems/specifications/coffee-script-source-1.7.0.gemspec
I, [2014-03-28T00:03:36.519580 #371781]  INFO -- : 0:  execjs (2.0.2) from /usr/libexec/openshift/cartridges/c9-0.1/root/lib/ruby/gems/specifications/execjs-2.0.2.gemspec
I, [2014-03-28T00:03:36.520189 #371781]  INFO -- : 0:  coffee-script (2.2.0) from /usr/libexec/openshift/cartridges/c9-0.1/root/lib/ruby/gems/specifications/coffee-script-2.2.0.gemspec
I, [2014-03-28T00:03:36.520819 #371781]  INFO -- : 0:  thor (0.19.1) from /var/lib/stickshift/5332e7865004460ac2000076/app-root/data/lib/ruby/gems/specifications/thor-0.19.1.gemspec
I, [2014-03-28T00:03:36.521492 #371781]  INFO -- : 0:  railties (4.0.0) from /usr/libexec/openshift/cartridges/c9-0.1/root/lib/ruby/gems/specifications/railties-4.0.0.gemspec
I, [2014-03-28T00:03:36.522063 #371781]  INFO -- : 0:  coffee-rails (4.0.1) from /usr/libexec/openshift/cartridges/c9-0.1/root/lib/ruby/gems/specifications/coffee-rails-4.0.1.gemspec
I, [2014-03-28T00:03:36.522667 #371781]  INFO -- : 0:  hike (1.2.3) from /usr/libexec/openshift/cartridges/c9-0.1/root/lib/ruby/gems/specifications/hike-1.2.3.gemspec
I, [2014-03-28T00:03:36.523241 #371781]  INFO -- : 0:  jbuilder (1.0.2) from /var/lib/stickshift/5332e7865004460ac2000076/app-root/data/lib/ruby/gems/specifications/jbuilder-1.0.2.gemspec
I, [2014-03-28T00:03:36.523823 #371781]  INFO -- : 0:  jquery-rails (3.0.4) from /usr/libexec/openshift/cartridges/c9-0.1/root/lib/ruby/gems/specifications/jquery-rails-3.0.4.gemspec
I, [2014-03-28T00:03:36.524375 #371781]  INFO -- : 0:  json (1.8.1) from /usr/libexec/openshift/cartridges/c9-0.1/root/lib/ruby/gems/specifications/json-1.8.1.gemspec
I, [2014-03-28T00:03:36.524979 #371781]  INFO -- : 0:  tilt (1.4.1) from /usr/libexec/openshift/cartridges/c9-0.1/root/lib/ruby/gems/specifications/tilt-1.4.1.gemspec
I, [2014-03-28T00:03:36.525573 #371781]  INFO -- : 0:  sprockets (2.12.0) from /var/lib/stickshift/5332e7865004460ac2000076/app-root/data/lib/ruby/gems/specifications/sprockets-2.12.0.gemspec
I, [2014-03-28T00:03:36.526306 #371781]  INFO -- : 0:  sprockets-rails (2.0.1) from /usr/libexec/openshift/cartridges/c9-0.1/root/lib/ruby/gems/specifications/sprockets-rails-2.0.1.gemspec
I, [2014-03-28T00:03:36.526936 #371781]  INFO -- : 0:  rails (4.0.0) from /usr/libexec/openshift/cartridges/c9-0.1/root/lib/ruby/gems/specifications/rails-4.0.0.gemspec
I, [2014-03-28T00:03:36.527519 #371781]  INFO -- : 0:  rdoc (3.12.2) from /var/lib/stickshift/5332e7865004460ac2000076/app-root/data/lib/ruby/gems/specifications/rdoc-3.12.2.gemspec
I, [2014-03-28T00:03:36.528090 #371781]  INFO -- : 0:  sass (3.3.4) from /var/lib/stickshift/5332e7865004460ac2000076/app-root/data/lib/ruby/gems/specifications/sass-3.3.4.gemspec
I, [2014-03-28T00:03:36.528760 #371781]  INFO -- : 0:  sass-rails (4.0.1) from /usr/libexec/openshift/cartridges/c9-0.1/root/lib/ruby/gems/specifications/sass-rails-4.0.1.gemspec
I, [2014-03-28T00:03:36.529464 #371781]  INFO -- : 0:  sdoc (0.3.20) from /var/lib/stickshift/5332e7865004460ac2000076/app-root/data/lib/ruby/gems/specifications/sdoc-0.3.20.gemspec
I, [2014-03-28T00:03:36.530031 #371781]  INFO -- : 0:  sqlite3 (1.3.8) from /usr/libexec/openshift/cartridges/c9-0.1/root/lib/ruby/gems/specifications/sqlite3-1.3.8.gemspec
I, [2014-03-28T00:03:36.530671 #371781]  INFO -- : 0:  turbolinks (1.1.1) from /var/lib/stickshift/5332e7865004460ac2000076/app-root/data/lib/ruby/gems/specifications/turbolinks-1.1.1.gemspec
I, [2014-03-28T00:03:36.531238 #371781]  INFO -- : 0:  uglifier (2.1.1) from /var/lib/stickshift/5332e7865004460ac2000076/app-root/data/lib/ruby/gems/specifications/uglifier-2.1.1.gemspec
I, [2014-03-28T00:38:51.538929 #417652]  INFO -- : 0:  rake (10.2.2) from /var/lib/stickshift/5332e7865004460ac2000076/app-root/data/lib/ruby/gems/specifications/rake-10.2.2.gemspec
I, [2014-03-28T00:38:51.606977 #417652]  INFO -- : 0:  i18n (0.6.9) from /usr/libexec/openshift/cartridges/c9-0.1/root/lib/ruby/gems/specifications/i18n-0.6.9.gemspec
I, [2014-03-28T00:38:51.611909 #417652]  INFO -- : 0:  minitest (4.7.5) from /usr/libexec/openshift/cartridges/c9-0.1/root/lib/ruby/gems/specifications/minitest-4.7.5.gemspec
I, [2014-03-28T00:38:51.613157 #417652]  INFO -- : 0:  multi_json (1.9.2) from /var/lib/stickshift/5332e7865004460ac2000076/app-root/data/lib/ruby/gems/specifications/multi_json-1.9.2.gemspec
I, [2014-03-28T00:38:51.614121 #417652]  INFO -- : 0:  atomic (1.1.16) from /var/lib/stickshift/5332e7865004460ac2000076/app-root/data/lib/ruby/gems/specifications/atomic-1.1.16.gemspec
I, [2014-03-28T00:38:51.615092 #417652]  INFO -- : 0:  thread_safe (0.3.1) from /var/lib/stickshift/5332e7865004460ac2000076/app-root/data/lib/ruby/gems/specifications/thread_safe-0.3.1.gemspec
I, [2014-03-28T00:38:51.617808 #417652]  INFO -- : 0:  tzinfo (0.3.39) from /var/lib/stickshift/5332e7865004460ac2000076/app-root/data/lib/ruby/gems/specifications/tzinfo-0.3.39.gemspec
I, [2014-03-28T00:38:51.618960 #417652]  INFO -- : 0:  activesupport (4.0.0) from /usr/libexec/openshift/cartridges/c9-0.1/root/lib/ruby/gems/specifications/activesupport-4.0.0.gemspec
I, [2014-03-28T00:38:51.621532 #417652]  INFO -- : 0:  builder (3.1.4) from /usr/libexec/openshift/cartridges/c9-0.1/root/lib/ruby/gems/specifications/builder-3.1.4.gemspec
I, [2014-03-28T00:38:51.622630 #417652]  INFO -- : 0:  erubis (2.7.0) from /usr/libexec/openshift/cartridges/c9-0.1/root/lib/ruby/gems/specifications/erubis-2.7.0.gemspec
I, [2014-03-28T00:38:51.623617 #417652]  INFO -- : 0:  rack (1.5.2) from /usr/libexec/openshift/cartridges/c9-0.1/root/lib/ruby/gems/specifications/rack-1.5.2.gemspec
I, [2014-03-28T00:38:51.624441 #417652]  INFO -- : 0:  rack-test (0.6.2) from /usr/libexec/openshift/cartridges/c9-0.1/root/lib/ruby/gems/specifications/rack-test-0.6.2.gemspec
I, [2014-03-28T00:38:51.628001 #417652]  INFO -- : 0:  actionpack (4.0.0) from /usr/libexec/openshift/cartridges/c9-0.1/root/lib/ruby/gems/specifications/actionpack-4.0.0.gemspec
I, [2014-03-28T00:38:51.629056 #417652]  INFO -- : 0:  mime-types (1.25.1) from /usr/libexec/openshift/cartridges/c9-0.1/root/lib/ruby/gems/specifications/mime-types-1.25.1.gemspec
I, [2014-03-28T00:38:51.631495 #417652]  INFO -- : 0:  polyglot (0.3.4) from /var/lib/stickshift/5332e7865004460ac2000076/app-root/data/lib/ruby/gems/specifications/polyglot-0.3.4.gemspec
I, [2014-03-28T00:38:51.632410 #417652]  INFO -- : 0:  treetop (1.4.15) from /usr/libexec/openshift/cartridges/c9-0.1/root/lib/ruby/gems/specifications/treetop-1.4.15.gemspec
I, [2014-03-28T00:38:51.634378 #417652]  INFO -- : 0:  mail (2.5.4) from /usr/libexec/openshift/cartridges/c9-0.1/root/lib/ruby/gems/specifications/mail-2.5.4.gemspec
I, [2014-03-28T00:38:51.635398 #417652]  INFO -- : 0:  actionmailer (4.0.0) from /usr/libexec/openshift/cartridges/c9-0.1/root/lib/ruby/gems/specifications/actionmailer-4.0.0.gemspec
I, [2014-03-28T00:38:51.636307 #417652]  INFO -- : 0:  activemodel (4.0.0) from /usr/libexec/openshift/cartridges/c9-0.1/root/lib/ruby/gems/specifications/activemodel-4.0.0.gemspec
I, [2014-03-28T00:38:51.637235 #417652]  INFO -- : 0:  activerecord-deprecated_finders (1.0.3) from /usr/libexec/openshift/cartridges/c9-0.1/root/lib/ruby/gems/specifications/activerecord-deprecated_finders-1.0.3.gemspec
I, [2014-03-28T00:38:51.638268 #417652]  INFO -- : 0:  arel (4.0.2) from /var/lib/stickshift/5332e7865004460ac2000076/app-root/data/lib/ruby/gems/specifications/arel-4.0.2.gemspec
I, [2014-03-28T00:38:51.639233 #417652]  INFO -- : 0:  activerecord (4.0.0) from /usr/libexec/openshift/cartridges/c9-0.1/root/lib/ruby/gems/specifications/activerecord-4.0.0.gemspec
I, [2014-03-28T00:38:51.640120 #417652]  INFO -- : 0:  bundler (1.5.1) from /usr/libexec/openshift/cartridges/c9-0.1/root/lib/ruby/gems/specifications/bundler-1.5.1.gemspec
I, [2014-03-28T00:38:51.641058 #417652]  INFO -- : 0:  coffee-script-source (1.7.0) from /var/lib/stickshift/5332e7865004460ac2000076/app-root/data/lib/ruby/gems/specifications/coffee-script-source-1.7.0.gemspec
I, [2014-03-28T00:38:51.642065 #417652]  INFO -- : 0:  execjs (2.0.2) from /usr/libexec/openshift/cartridges/c9-0.1/root/lib/ruby/gems/specifications/execjs-2.0.2.gemspec
I, [2014-03-28T00:38:51.643001 #417652]  INFO -- : 0:  coffee-script (2.2.0) from /usr/libexec/openshift/cartridges/c9-0.1/root/lib/ruby/gems/specifications/coffee-script-2.2.0.gemspec
I, [2014-03-28T00:38:51.643931 #417652]  INFO -- : 0:  thor (0.19.1) from /var/lib/stickshift/5332e7865004460ac2000076/app-root/data/lib/ruby/gems/specifications/thor-0.19.1.gemspec
I, [2014-03-28T00:38:51.644848 #417652]  INFO -- : 0:  railties (4.0.0) from /usr/libexec/openshift/cartridges/c9-0.1/root/lib/ruby/gems/specifications/railties-4.0.0.gemspec
I, [2014-03-28T00:38:51.645836 #417652]  INFO -- : 0:  coffee-rails (4.0.1) from /usr/libexec/openshift/cartridges/c9-0.1/root/lib/ruby/gems/specifications/coffee-rails-4.0.1.gemspec
I, [2014-03-28T00:38:51.703432 #417652]  INFO -- : 0:  hike (1.2.3) from /usr/libexec/openshift/cartridges/c9-0.1/root/lib/ruby/gems/specifications/hike-1.2.3.gemspec
I, [2014-03-28T00:38:51.704701 #417652]  INFO -- : 0:  jbuilder (1.0.2) from /var/lib/stickshift/5332e7865004460ac2000076/app-root/data/lib/ruby/gems/specifications/jbuilder-1.0.2.gemspec
I, [2014-03-28T00:38:51.705783 #417652]  INFO -- : 0:  jquery-rails (3.0.4) from /usr/libexec/openshift/cartridges/c9-0.1/root/lib/ruby/gems/specifications/jquery-rails-3.0.4.gemspec
I, [2014-03-28T00:38:51.706802 #417652]  INFO -- : 0:  json (1.8.1) from /usr/libexec/openshift/cartridges/c9-0.1/root/lib/ruby/gems/specifications/json-1.8.1.gemspec
I, [2014-03-28T00:38:51.707633 #417652]  INFO -- : 0:  tilt (1.4.1) from /usr/libexec/openshift/cartridges/c9-0.1/root/lib/ruby/gems/specifications/tilt-1.4.1.gemspec
I, [2014-03-28T00:38:51.708569 #417652]  INFO -- : 0:  sprockets (2.12.0) from /var/lib/stickshift/5332e7865004460ac2000076/app-root/data/lib/ruby/gems/specifications/sprockets-2.12.0.gemspec
I, [2014-03-28T00:38:51.709471 #417652]  INFO -- : 0:  sprockets-rails (2.0.1) from /usr/libexec/openshift/cartridges/c9-0.1/root/lib/ruby/gems/specifications/sprockets-rails-2.0.1.gemspec
I, [2014-03-28T00:38:51.710449 #417652]  INFO -- : 0:  rails (4.0.0) from /usr/libexec/openshift/cartridges/c9-0.1/root/lib/ruby/gems/specifications/rails-4.0.0.gemspec
I, [2014-03-28T00:38:51.711383 #417652]  INFO -- : 0:  rdoc (3.12.2) from /var/lib/stickshift/5332e7865004460ac2000076/app-root/data/lib/ruby/gems/specifications/rdoc-3.12.2.gemspec
I, [2014-03-28T00:38:51.712412 #417652]  INFO -- : 0:  sass (3.3.4) from /var/lib/stickshift/5332e7865004460ac2000076/app-root/data/lib/ruby/gems/specifications/sass-3.3.4.gemspec
I, [2014-03-28T00:38:51.713335 #417652]  INFO -- : 0:  sass-rails (4.0.1) from /usr/libexec/openshift/cartridges/c9-0.1/root/lib/ruby/gems/specifications/sass-rails-4.0.1.gemspec
I, [2014-03-28T00:38:51.716232 #417652]  INFO -- : 0:  sdoc (0.3.20) from /var/lib/stickshift/5332e7865004460ac2000076/app-root/data/lib/ruby/gems/specifications/sdoc-0.3.20.gemspec
I, [2014-03-28T00:38:51.717697 #417652]  INFO -- : 0:  sqlite3 (1.3.8) from /usr/libexec/openshift/cartridges/c9-0.1/root/lib/ruby/gems/specifications/sqlite3-1.3.8.gemspec
I, [2014-03-28T00:38:51.742312 #417652]  INFO -- : 0:  turbolinks (1.1.1) from /var/lib/stickshift/5332e7865004460ac2000076/app-root/data/lib/ruby/gems/specifications/turbolinks-1.1.1.gemspec
I, [2014-03-28T00:38:51.813795 #417652]  INFO -- : 0:  uglifier (2.1.1) from /var/lib/stickshift/5332e7865004460ac2000076/app-root/data/lib/ruby/gems/specifications/uglifier-2.1.1.gemspec
I, [2014-03-28T00:40:48.601298 #420124]  INFO -- : 0:  rake (10.2.2) from /var/lib/stickshift/5332e7865004460ac2000076/app-root/data/lib/ruby/gems/specifications/rake-10.2.2.gemspec
I, [2014-03-28T00:40:48.647025 #420124]  INFO -- : 0:  i18n (0.6.9) from /usr/libexec/openshift/cartridges/c9-0.1/root/lib/ruby/gems/specifications/i18n-0.6.9.gemspec
I, [2014-03-28T00:40:48.649427 #420124]  INFO -- : 0:  minitest (4.7.5) from /usr/libexec/openshift/cartridges/c9-0.1/root/lib/ruby/gems/specifications/minitest-4.7.5.gemspec
I, [2014-03-28T00:40:48.659293 #420124]  INFO -- : 0:  multi_json (1.9.2) from /var/lib/stickshift/5332e7865004460ac2000076/app-root/data/lib/ruby/gems/specifications/multi_json-1.9.2.gemspec
I, [2014-03-28T00:40:48.689561 #420124]  INFO -- : 0:  atomic (1.1.16) from /var/lib/stickshift/5332e7865004460ac2000076/app-root/data/lib/ruby/gems/specifications/atomic-1.1.16.gemspec
I, [2014-03-28T00:40:48.706800 #420124]  INFO -- : 0:  thread_safe (0.3.1) from /var/lib/stickshift/5332e7865004460ac2000076/app-root/data/lib/ruby/gems/specifications/thread_safe-0.3.1.gemspec
I, [2014-03-28T00:40:48.707832 #420124]  INFO -- : 0:  tzinfo (0.3.39) from /var/lib/stickshift/5332e7865004460ac2000076/app-root/data/lib/ruby/gems/specifications/tzinfo-0.3.39.gemspec
I, [2014-03-28T00:40:48.712338 #420124]  INFO -- : 0:  activesupport (4.0.0) from /usr/libexec/openshift/cartridges/c9-0.1/root/lib/ruby/gems/specifications/activesupport-4.0.0.gemspec
I, [2014-03-28T00:40:48.713813 #420124]  INFO -- : 0:  builder (3.1.4) from /usr/libexec/openshift/cartridges/c9-0.1/root/lib/ruby/gems/specifications/builder-3.1.4.gemspec
I, [2014-03-28T00:40:48.804354 #420124]  INFO -- : 0:  erubis (2.7.0) from /usr/libexec/openshift/cartridges/c9-0.1/root/lib/ruby/gems/specifications/erubis-2.7.0.gemspec
I, [2014-03-28T00:40:48.821266 #420124]  INFO -- : 0:  rack (1.5.2) from /usr/libexec/openshift/cartridges/c9-0.1/root/lib/ruby/gems/specifications/rack-1.5.2.gemspec
I, [2014-03-28T00:40:48.828515 #420124]  INFO -- : 0:  rack-test (0.6.2) from /usr/libexec/openshift/cartridges/c9-0.1/root/lib/ruby/gems/specifications/rack-test-0.6.2.gemspec
I, [2014-03-28T00:40:48.831820 #420124]  INFO -- : 0:  actionpack (4.0.0) from /usr/libexec/openshift/cartridges/c9-0.1/root/lib/ruby/gems/specifications/actionpack-4.0.0.gemspec
I, [2014-03-28T00:40:48.834801 #420124]  INFO -- : 0:  mime-types (1.25.1) from /usr/libexec/openshift/cartridges/c9-0.1/root/lib/ruby/gems/specifications/mime-types-1.25.1.gemspec
I, [2014-03-28T00:40:48.835960 #420124]  INFO -- : 0:  polyglot (0.3.4) from /var/lib/stickshift/5332e7865004460ac2000076/app-root/data/lib/ruby/gems/specifications/polyglot-0.3.4.gemspec
I, [2014-03-28T00:40:48.836913 #420124]  INFO -- : 0:  treetop (1.4.15) from /usr/libexec/openshift/cartridges/c9-0.1/root/lib/ruby/gems/specifications/treetop-1.4.15.gemspec
I, [2014-03-28T00:40:48.837822 #420124]  INFO -- : 0:  mail (2.5.4) from /usr/libexec/openshift/cartridges/c9-0.1/root/lib/ruby/gems/specifications/mail-2.5.4.gemspec
I, [2014-03-28T00:40:48.843112 #420124]  INFO -- : 0:  actionmailer (4.0.0) from /usr/libexec/openshift/cartridges/c9-0.1/root/lib/ruby/gems/specifications/actionmailer-4.0.0.gemspec
I, [2014-03-28T00:40:48.851056 #420124]  INFO -- : 0:  activemodel (4.0.0) from /usr/libexec/openshift/cartridges/c9-0.1/root/lib/ruby/gems/specifications/activemodel-4.0.0.gemspec
I, [2014-03-28T00:40:48.852343 #420124]  INFO -- : 0:  activerecord-deprecated_finders (1.0.3) from /usr/libexec/openshift/cartridges/c9-0.1/root/lib/ruby/gems/specifications/activerecord-deprecated_finders-1.0.3.gemspec
I, [2014-03-28T00:40:48.862802 #420124]  INFO -- : 0:  arel (4.0.2) from /var/lib/stickshift/5332e7865004460ac2000076/app-root/data/lib/ruby/gems/specifications/arel-4.0.2.gemspec
I, [2014-03-28T00:40:48.864352 #420124]  INFO -- : 0:  activerecord (4.0.0) from /usr/libexec/openshift/cartridges/c9-0.1/root/lib/ruby/gems/specifications/activerecord-4.0.0.gemspec
I, [2014-03-28T00:40:48.865552 #420124]  INFO -- : 0:  coffee-script-source (1.7.0) from /var/lib/stickshift/5332e7865004460ac2000076/app-root/data/lib/ruby/gems/specifications/coffee-script-source-1.7.0.gemspec
I, [2014-03-28T00:40:48.867325 #420124]  INFO -- : 0:  execjs (2.0.2) from /usr/libexec/openshift/cartridges/c9-0.1/root/lib/ruby/gems/specifications/execjs-2.0.2.gemspec
I, [2014-03-28T00:40:48.902369 #420124]  INFO -- : 0:  coffee-script (2.2.0) from /usr/libexec/openshift/cartridges/c9-0.1/root/lib/ruby/gems/specifications/coffee-script-2.2.0.gemspec
I, [2014-03-28T00:40:49.081572 #420124]  INFO -- : 0:  thor (0.19.1) from /var/lib/stickshift/5332e7865004460ac2000076/app-root/data/lib/ruby/gems/specifications/thor-0.19.1.gemspec
I, [2014-03-28T00:40:49.117183 #420124]  INFO -- : 0:  railties (4.0.0) from /usr/libexec/openshift/cartridges/c9-0.1/root/lib/ruby/gems/specifications/railties-4.0.0.gemspec
I, [2014-03-28T00:40:49.204772 #420124]  INFO -- : 0:  coffee-rails (4.0.1) from /usr/libexec/openshift/cartridges/c9-0.1/root/lib/ruby/gems/specifications/coffee-rails-4.0.1.gemspec
I, [2014-03-28T00:40:49.210689 #420124]  INFO -- : 0:  hike (1.2.3) from /usr/libexec/openshift/cartridges/c9-0.1/root/lib/ruby/gems/specifications/hike-1.2.3.gemspec
I, [2014-03-28T00:40:49.214046 #420124]  INFO -- : 0:  jbuilder (1.0.2) from /var/lib/stickshift/5332e7865004460ac2000076/app-root/data/lib/ruby/gems/specifications/jbuilder-1.0.2.gemspec
I, [2014-03-28T00:40:49.221288 #420124]  INFO -- : 0:  jquery-rails (3.0.4) from /usr/libexec/openshift/cartridges/c9-0.1/root/lib/ruby/gems/specifications/jquery-rails-3.0.4.gemspec
I, [2014-03-28T00:40:49.222439 #420124]  INFO -- : 0:  json (1.8.1) from /usr/libexec/openshift/cartridges/c9-0.1/root/lib/ruby/gems/specifications/json-1.8.1.gemspec
I, [2014-03-28T00:40:49.225398 #420124]  INFO -- : 0:  bundler (1.5.1) from /usr/libexec/openshift/cartridges/c9-0.1/root/lib/ruby/gems/specifications/bundler-1.5.1.gemspec
I, [2014-03-28T00:40:49.230760 #420124]  INFO -- : 0:  tilt (1.4.1) from /usr/libexec/openshift/cartridges/c9-0.1/root/lib/ruby/gems/specifications/tilt-1.4.1.gemspec
I, [2014-03-28T00:40:49.285457 #420124]  INFO -- : 0:  sprockets (2.12.0) from /var/lib/stickshift/5332e7865004460ac2000076/app-root/data/lib/ruby/gems/specifications/sprockets-2.12.0.gemspec
I, [2014-03-28T00:40:49.287229 #420124]  INFO -- : 0:  sprockets-rails (2.0.1) from /usr/libexec/openshift/cartridges/c9-0.1/root/lib/ruby/gems/specifications/sprockets-rails-2.0.1.gemspec
I, [2014-03-28T00:40:49.327428 #420124]  INFO -- : 0:  rails (4.0.0) from /usr/libexec/openshift/cartridges/c9-0.1/root/lib/ruby/gems/specifications/rails-4.0.0.gemspec
I, [2014-03-28T00:40:49.335131 #420124]  INFO -- : 0:  rdoc (3.12.2) from /var/lib/stickshift/5332e7865004460ac2000076/app-root/data/lib/ruby/gems/specifications/rdoc-3.12.2.gemspec
I, [2014-03-28T00:40:49.336332 #420124]  INFO -- : 0:  sass (3.3.4) from /var/lib/stickshift/5332e7865004460ac2000076/app-root/data/lib/ruby/gems/specifications/sass-3.3.4.gemspec
I, [2014-03-28T00:40:49.341742 #420124]  INFO -- : 0:  sass-rails (4.0.1) from /usr/libexec/openshift/cartridges/c9-0.1/root/lib/ruby/gems/specifications/sass-rails-4.0.1.gemspec
I, [2014-03-28T00:40:49.464587 #420124]  INFO -- : 0:  sdoc (0.3.20) from /var/lib/stickshift/5332e7865004460ac2000076/app-root/data/lib/ruby/gems/specifications/sdoc-0.3.20.gemspec
I, [2014-03-28T00:40:49.501043 #420124]  INFO -- : 0:  sqlite3 (1.3.8) from /usr/libexec/openshift/cartridges/c9-0.1/root/lib/ruby/gems/specifications/sqlite3-1.3.8.gemspec
I, [2014-03-28T00:40:49.511790 #420124]  INFO -- : 0:  turbolinks (1.1.1) from /var/lib/stickshift/5332e7865004460ac2000076/app-root/data/lib/ruby/gems/specifications/turbolinks-1.1.1.gemspec
I, [2014-03-28T00:40:49.544413 #420124]  INFO -- : 0:  uglifier (2.1.1) from /var/lib/stickshift/5332e7865004460ac2000076/app-root/data/lib/ruby/gems/specifications/uglifier-2.1.1.gemspec
